{"/home/marcos/code/mabel/projects/borafut/src/App.tsx": {"path":"/home/marcos/code/mabel/projects/borafut/src/App.tsx","statementMap":{"0":{"start":{"line":55,"column":2},"end":{"line":55,"column":null}},"1":{"start":{"line":60,"column":14},"end":{"line":60,"column":null}},"2":{"start":{"line":61,"column":2},"end":{"line":61,"column":null}},"3":{"start":{"line":62,"column":2},"end":{"line":62,"column":null}},"4":{"start":{"line":65,"column":59},"end":{"line":79,"column":null}},"5":{"start":{"line":90,"column":73},"end":{"line":90,"column":null}},"6":{"start":{"line":91,"column":30},"end":{"line":91,"column":null}},"7":{"start":{"line":92,"column":44},"end":{"line":92,"column":null}},"8":{"start":{"line":93,"column":44},"end":{"line":93,"column":null}},"9":{"start":{"line":94,"column":42},"end":{"line":94,"column":null}},"10":{"start":{"line":97,"column":2},"end":{"line":149,"column":null}},"11":{"start":{"line":98,"column":4},"end":{"line":98,"column":null}},"12":{"start":{"line":98,"column":17},"end":{"line":98,"column":null}},"13":{"start":{"line":101,"column":19},"end":{"line":101,"column":null}},"14":{"start":{"line":102,"column":24},"end":{"line":102,"column":null}},"15":{"start":{"line":104,"column":4},"end":{"line":148,"column":null}},"16":{"start":{"line":105,"column":6},"end":{"line":147,"column":null}},"17":{"start":{"line":106,"column":8},"end":{"line":146,"column":null}},"18":{"start":{"line":107,"column":10},"end":{"line":107,"column":null}},"19":{"start":{"line":108,"column":10},"end":{"line":108,"column":null}},"20":{"start":{"line":109,"column":8},"end":{"line":146,"column":null}},"21":{"start":{"line":111,"column":10},"end":{"line":141,"column":null}},"22":{"start":{"line":112,"column":28},"end":{"line":112,"column":null}},"23":{"start":{"line":113,"column":12},"end":{"line":118,"column":null}},"24":{"start":{"line":114,"column":14},"end":{"line":114,"column":null}},"25":{"start":{"line":115,"column":14},"end":{"line":115,"column":null}},"26":{"start":{"line":117,"column":14},"end":{"line":117,"column":null}},"27":{"start":{"line":119,"column":10},"end":{"line":141,"column":null}},"28":{"start":{"line":120,"column":27},"end":{"line":120,"column":null}},"29":{"start":{"line":121,"column":12},"end":{"line":126,"column":null}},"30":{"start":{"line":122,"column":14},"end":{"line":122,"column":null}},"31":{"start":{"line":123,"column":14},"end":{"line":123,"column":null}},"32":{"start":{"line":125,"column":14},"end":{"line":125,"column":null}},"33":{"start":{"line":127,"column":10},"end":{"line":141,"column":null}},"34":{"start":{"line":128,"column":12},"end":{"line":132,"column":null}},"35":{"start":{"line":129,"column":14},"end":{"line":129,"column":null}},"36":{"start":{"line":131,"column":14},"end":{"line":131,"column":null}},"37":{"start":{"line":133,"column":10},"end":{"line":141,"column":null}},"38":{"start":{"line":134,"column":12},"end":{"line":138,"column":null}},"39":{"start":{"line":135,"column":14},"end":{"line":135,"column":null}},"40":{"start":{"line":137,"column":14},"end":{"line":137,"column":null}},"41":{"start":{"line":140,"column":12},"end":{"line":140,"column":null}},"42":{"start":{"line":142,"column":8},"end":{"line":146,"column":null}},"43":{"start":{"line":143,"column":10},"end":{"line":143,"column":null}},"44":{"start":{"line":145,"column":10},"end":{"line":145,"column":null}},"45":{"start":{"line":152,"column":2},"end":{"line":179,"column":null}},"46":{"start":{"line":153,"column":4},"end":{"line":153,"column":null}},"47":{"start":{"line":153,"column":85},"end":{"line":153,"column":null}},"48":{"start":{"line":155,"column":16},"end":{"line":155,"column":null}},"49":{"start":{"line":156,"column":4},"end":{"line":177,"column":null}},"50":{"start":{"line":157,"column":6},"end":{"line":157,"column":null}},"51":{"start":{"line":158,"column":6},"end":{"line":158,"column":null}},"52":{"start":{"line":160,"column":6},"end":{"line":160,"column":null}},"53":{"start":{"line":161,"column":6},"end":{"line":165,"column":null}},"54":{"start":{"line":162,"column":8},"end":{"line":162,"column":null}},"55":{"start":{"line":164,"column":8},"end":{"line":164,"column":null}},"56":{"start":{"line":167,"column":6},"end":{"line":171,"column":null}},"57":{"start":{"line":168,"column":8},"end":{"line":168,"column":null}},"58":{"start":{"line":170,"column":8},"end":{"line":170,"column":null}},"59":{"start":{"line":174,"column":6},"end":{"line":176,"column":null}},"60":{"start":{"line":175,"column":8},"end":{"line":175,"column":null}},"61":{"start":{"line":178,"column":4},"end":{"line":178,"column":null}},"62":{"start":{"line":182,"column":2},"end":{"line":188,"column":null}},"63":{"start":{"line":183,"column":4},"end":{"line":186,"column":null}},"64":{"start":{"line":191,"column":29},"end":{"line":191,"column":null}},"65":{"start":{"line":193,"column":2},"end":{"line":305,"column":null}},"66":{"start":{"line":197,"column":20},"end":{"line":197,"column":null}},"67":{"start":{"line":199,"column":8},"end":{"line":199,"column":null}},"68":{"start":{"line":200,"column":8},"end":{"line":200,"column":null}},"69":{"start":{"line":202,"column":26},"end":{"line":202,"column":null}},"70":{"start":{"line":203,"column":26},"end":{"line":203,"column":null}},"71":{"start":{"line":211,"column":12},"end":{"line":211,"column":null}},"72":{"start":{"line":212,"column":12},"end":{"line":212,"column":null}},"73":{"start":{"line":212,"column":33},"end":{"line":212,"column":52}},"74":{"start":{"line":215,"column":12},"end":{"line":215,"column":null}},"75":{"start":{"line":216,"column":12},"end":{"line":216,"column":null}},"76":{"start":{"line":223,"column":27},"end":{"line":225,"column":null}},"77":{"start":{"line":224,"column":12},"end":{"line":224,"column":null}},"78":{"start":{"line":224,"column":35},"end":{"line":224,"column":null}},"79":{"start":{"line":231,"column":31},"end":{"line":231,"column":null}},"80":{"start":{"line":232,"column":43},"end":{"line":232,"column":67}},"81":{"start":{"line":232,"column":67},"end":{"line":232,"column":95}},"82":{"start":{"line":233,"column":28},"end":{"line":233,"column":null}},"83":{"start":{"line":241,"column":14},"end":{"line":241,"column":null}},"84":{"start":{"line":242,"column":14},"end":{"line":242,"column":null}},"85":{"start":{"line":245,"column":14},"end":{"line":245,"column":null}},"86":{"start":{"line":246,"column":14},"end":{"line":246,"column":null}},"87":{"start":{"line":251,"column":33},"end":{"line":251,"column":null}},"88":{"start":{"line":252,"column":45},"end":{"line":252,"column":69}},"89":{"start":{"line":252,"column":69},"end":{"line":252,"column":97}},"90":{"start":{"line":253,"column":30},"end":{"line":253,"column":null}},"91":{"start":{"line":261,"column":24},"end":{"line":261,"column":null}},"92":{"start":{"line":268,"column":24},"end":{"line":268,"column":null}},"93":{"start":{"line":277,"column":24},"end":{"line":277,"column":null}},"94":{"start":{"line":278,"column":27},"end":{"line":278,"column":null}},"95":{"start":{"line":287,"column":24},"end":{"line":287,"column":null}},"96":{"start":{"line":295,"column":24},"end":{"line":295,"column":null}},"97":{"start":{"line":302,"column":24},"end":{"line":302,"column":null}},"98":{"start":{"line":311,"column":28},"end":{"line":311,"column":null}},"99":{"start":{"line":312,"column":30},"end":{"line":312,"column":null}},"100":{"start":{"line":313,"column":20},"end":{"line":313,"column":null}},"101":{"start":{"line":316,"column":4},"end":{"line":321,"column":null}},"102":{"start":{"line":317,"column":6},"end":{"line":317,"column":null}},"103":{"start":{"line":318,"column":6},"end":{"line":318,"column":null}},"104":{"start":{"line":319,"column":6},"end":{"line":319,"column":null}},"105":{"start":{"line":320,"column":6},"end":{"line":320,"column":null}},"106":{"start":{"line":323,"column":4},"end":{"line":323,"column":null}},"107":{"start":{"line":324,"column":4},"end":{"line":327,"column":null}},"108":{"start":{"line":330,"column":21},"end":{"line":334,"column":null}},"109":{"start":{"line":336,"column":4},"end":{"line":340,"column":null}},"110":{"start":{"line":337,"column":6},"end":{"line":337,"column":null}},"111":{"start":{"line":339,"column":6},"end":{"line":339,"column":null}},"112":{"start":{"line":343,"column":2},"end":{"line":349,"column":null}},"113":{"start":{"line":344,"column":4},"end":{"line":344,"column":null}},"114":{"start":{"line":344,"column":50},"end":{"line":344,"column":73}},"115":{"start":{"line":345,"column":39},"end":{"line":347,"column":null}},"116":{"start":{"line":346,"column":6},"end":{"line":346,"column":null}},"117":{"start":{"line":348,"column":4},"end":{"line":348,"column":null}},"118":{"start":{"line":348,"column":17},"end":{"line":348,"column":null}},"119":{"start":{"line":351,"column":2},"end":{"line":357,"column":null}},"120":{"start":{"line":352,"column":4},"end":{"line":355,"column":null}},"121":{"start":{"line":359,"column":2},"end":{"line":367,"column":null}},"122":{"start":{"line":360,"column":4},"end":{"line":365,"column":null}},"123":{"start":{"line":369,"column":2},"end":{"line":381,"column":null}},"124":{"start":{"line":370,"column":4},"end":{"line":379,"column":null}},"125":{"start":{"line":375,"column":30},"end":{"line":375,"column":null}},"126":{"start":{"line":376,"column":29},"end":{"line":376,"column":null}},"127":{"start":{"line":383,"column":2},"end":{"line":391,"column":null}},"128":{"start":{"line":384,"column":4},"end":{"line":389,"column":null}},"129":{"start":{"line":393,"column":2},"end":{"line":393,"column":null}}},"fnMap":{"0":{"name":"getInviteToken","decl":{"start":{"line":54,"column":9},"end":{"line":54,"column":41}},"loc":{"start":{"line":54,"column":41},"end":{"line":56,"column":null}},"line":54},"1":{"name":"clearTokenFromUrl","decl":{"start":{"line":59,"column":9},"end":{"line":59,"column":29}},"loc":{"start":{"line":59,"column":29},"end":{"line":63,"column":null}},"line":59},"2":{"name":"AppInner","decl":{"start":{"line":81,"column":16},"end":{"line":81,"column":25}},"loc":{"start":{"line":89,"column":3},"end":{"line":307,"column":null}},"line":89},"3":{"name":"(anonymous_3)","decl":{"start":{"line":97,"column":12},"end":{"line":97,"column":18}},"loc":{"start":{"line":97,"column":18},"end":{"line":149,"column":5}},"line":97},"4":{"name":"(anonymous_4)","decl":{"start":{"line":105,"column":21},"end":{"line":105,"column":27}},"loc":{"start":{"line":105,"column":27},"end":{"line":147,"column":7}},"line":105},"5":{"name":"(anonymous_5)","decl":{"start":{"line":152,"column":12},"end":{"line":152,"column":18}},"loc":{"start":{"line":152,"column":18},"end":{"line":179,"column":5}},"line":152},"6":{"name":"(anonymous_6)","decl":{"start":{"line":197,"column":14},"end":{"line":197,"column":20}},"loc":{"start":{"line":197,"column":20},"end":{"line":197,"column":null}},"line":197},"7":{"name":"(anonymous_7)","decl":{"start":{"line":198,"column":17},"end":{"line":198,"column":29}},"loc":{"start":{"line":198,"column":29},"end":{"line":201,"column":null}},"line":198},"8":{"name":"(anonymous_8)","decl":{"start":{"line":202,"column":20},"end":{"line":202,"column":26}},"loc":{"start":{"line":202,"column":26},"end":{"line":202,"column":null}},"line":202},"9":{"name":"(anonymous_9)","decl":{"start":{"line":203,"column":20},"end":{"line":203,"column":26}},"loc":{"start":{"line":203,"column":26},"end":{"line":203,"column":null}},"line":203},"10":{"name":"(anonymous_10)","decl":{"start":{"line":210,"column":21},"end":{"line":210,"column":27}},"loc":{"start":{"line":210,"column":27},"end":{"line":213,"column":null}},"line":210},"11":{"name":"(anonymous_11)","decl":{"start":{"line":212,"column":27},"end":{"line":212,"column":33}},"loc":{"start":{"line":212,"column":33},"end":{"line":212,"column":52}},"line":212},"12":{"name":"(anonymous_12)","decl":{"start":{"line":214,"column":19},"end":{"line":214,"column":25}},"loc":{"start":{"line":214,"column":25},"end":{"line":217,"column":null}},"line":214},"13":{"name":"(anonymous_13)","decl":{"start":{"line":223,"column":21},"end":{"line":223,"column":27}},"loc":{"start":{"line":223,"column":27},"end":{"line":225,"column":null}},"line":223},"14":{"name":"(anonymous_14)","decl":{"start":{"line":223,"column":42},"end":{"line":223,"column":48}},"loc":{"start":{"line":223,"column":48},"end":{"line":225,"column":11}},"line":223},"15":{"name":"(anonymous_15)","decl":{"start":{"line":231,"column":25},"end":{"line":231,"column":31}},"loc":{"start":{"line":231,"column":31},"end":{"line":231,"column":null}},"line":231},"16":{"name":"(anonymous_16)","decl":{"start":{"line":232,"column":25},"end":{"line":232,"column":26}},"loc":{"start":{"line":232,"column":41},"end":{"line":232,"column":null}},"line":232},"17":{"name":"(anonymous_17)","decl":{"start":{"line":233,"column":22},"end":{"line":233,"column":28}},"loc":{"start":{"line":233,"column":28},"end":{"line":233,"column":null}},"line":233},"18":{"name":"(anonymous_18)","decl":{"start":{"line":240,"column":27},"end":{"line":240,"column":28}},"loc":{"start":{"line":240,"column":35},"end":{"line":243,"column":null}},"line":240},"19":{"name":"(anonymous_19)","decl":{"start":{"line":244,"column":26},"end":{"line":244,"column":27}},"loc":{"start":{"line":244,"column":34},"end":{"line":247,"column":null}},"line":244},"20":{"name":"(anonymous_20)","decl":{"start":{"line":251,"column":27},"end":{"line":251,"column":33}},"loc":{"start":{"line":251,"column":33},"end":{"line":251,"column":null}},"line":251},"21":{"name":"(anonymous_21)","decl":{"start":{"line":252,"column":27},"end":{"line":252,"column":28}},"loc":{"start":{"line":252,"column":43},"end":{"line":252,"column":null}},"line":252},"22":{"name":"(anonymous_22)","decl":{"start":{"line":253,"column":24},"end":{"line":253,"column":30}},"loc":{"start":{"line":253,"column":30},"end":{"line":253,"column":null}},"line":253},"23":{"name":"(anonymous_23)","decl":{"start":{"line":261,"column":18},"end":{"line":261,"column":24}},"loc":{"start":{"line":261,"column":24},"end":{"line":261,"column":null}},"line":261},"24":{"name":"(anonymous_24)","decl":{"start":{"line":268,"column":18},"end":{"line":268,"column":24}},"loc":{"start":{"line":268,"column":24},"end":{"line":268,"column":null}},"line":268},"25":{"name":"(anonymous_25)","decl":{"start":{"line":277,"column":18},"end":{"line":277,"column":24}},"loc":{"start":{"line":277,"column":24},"end":{"line":277,"column":null}},"line":277},"26":{"name":"(anonymous_26)","decl":{"start":{"line":278,"column":21},"end":{"line":278,"column":27}},"loc":{"start":{"line":278,"column":27},"end":{"line":278,"column":null}},"line":278},"27":{"name":"(anonymous_27)","decl":{"start":{"line":287,"column":18},"end":{"line":287,"column":24}},"loc":{"start":{"line":287,"column":24},"end":{"line":287,"column":null}},"line":287},"28":{"name":"(anonymous_28)","decl":{"start":{"line":295,"column":18},"end":{"line":295,"column":24}},"loc":{"start":{"line":295,"column":24},"end":{"line":295,"column":null}},"line":295},"29":{"name":"(anonymous_29)","decl":{"start":{"line":302,"column":18},"end":{"line":302,"column":24}},"loc":{"start":{"line":302,"column":24},"end":{"line":302,"column":null}},"line":302},"30":{"name":"App","decl":{"start":{"line":310,"column":24},"end":{"line":310,"column":30}},"loc":{"start":{"line":310,"column":30},"end":{"line":394,"column":null}},"line":310},"31":{"name":"bootstrap","decl":{"start":{"line":315,"column":17},"end":{"line":315,"column":27}},"loc":{"start":{"line":315,"column":55},"end":{"line":341,"column":null}},"line":315},"32":{"name":"(anonymous_32)","decl":{"start":{"line":343,"column":12},"end":{"line":343,"column":18}},"loc":{"start":{"line":343,"column":18},"end":{"line":349,"column":5}},"line":343},"33":{"name":"(anonymous_33)","decl":{"start":{"line":344,"column":36},"end":{"line":344,"column":37}},"loc":{"start":{"line":344,"column":50},"end":{"line":344,"column":73}},"line":344},"34":{"name":"(anonymous_34)","decl":{"start":{"line":345,"column":71},"end":{"line":345,"column":72}},"loc":{"start":{"line":345,"column":92},"end":{"line":347,"column":5}},"line":345},"35":{"name":"(anonymous_35)","decl":{"start":{"line":348,"column":11},"end":{"line":348,"column":17}},"loc":{"start":{"line":348,"column":17},"end":{"line":348,"column":null}},"line":348},"36":{"name":"(anonymous_36)","decl":{"start":{"line":375,"column":24},"end":{"line":375,"column":30}},"loc":{"start":{"line":375,"column":30},"end":{"line":375,"column":null}},"line":375},"37":{"name":"(anonymous_37)","decl":{"start":{"line":376,"column":23},"end":{"line":376,"column":29}},"loc":{"start":{"line":376,"column":29},"end":{"line":376,"column":null}},"line":376}},"branchMap":{"0":{"loc":{"start":{"line":98,"column":4},"end":{"line":98,"column":null}},"type":"if","locations":[{"start":{"line":98,"column":4},"end":{"line":98,"column":null}},{"start":{},"end":{}}],"line":98},"1":{"loc":{"start":{"line":104,"column":4},"end":{"line":148,"column":null}},"type":"if","locations":[{"start":{"line":104,"column":4},"end":{"line":148,"column":null}},{"start":{},"end":{}}],"line":104},"2":{"loc":{"start":{"line":106,"column":8},"end":{"line":146,"column":null}},"type":"if","locations":[{"start":{"line":106,"column":8},"end":{"line":146,"column":null}},{"start":{"line":109,"column":8},"end":{"line":146,"column":null}}],"line":106},"3":{"loc":{"start":{"line":109,"column":8},"end":{"line":146,"column":null}},"type":"if","locations":[{"start":{"line":109,"column":8},"end":{"line":146,"column":null}},{"start":{"line":142,"column":8},"end":{"line":146,"column":null}}],"line":109},"4":{"loc":{"start":{"line":109,"column":19},"end":{"line":109,"column":61}},"type":"binary-expr","locations":[{"start":{"line":109,"column":19},"end":{"line":109,"column":34}},{"start":{"line":109,"column":34},"end":{"line":109,"column":61}}],"line":109},"5":{"loc":{"start":{"line":111,"column":10},"end":{"line":141,"column":null}},"type":"if","locations":[{"start":{"line":111,"column":10},"end":{"line":141,"column":null}},{"start":{"line":119,"column":10},"end":{"line":141,"column":null}}],"line":111},"6":{"loc":{"start":{"line":113,"column":12},"end":{"line":118,"column":null}},"type":"if","locations":[{"start":{"line":113,"column":12},"end":{"line":118,"column":null}},{"start":{"line":116,"column":19},"end":{"line":118,"column":null}}],"line":113},"7":{"loc":{"start":{"line":113,"column":16},"end":{"line":113,"column":47}},"type":"binary-expr","locations":[{"start":{"line":113,"column":16},"end":{"line":113,"column":38}},{"start":{"line":113,"column":38},"end":{"line":113,"column":47}}],"line":113},"8":{"loc":{"start":{"line":119,"column":10},"end":{"line":141,"column":null}},"type":"if","locations":[{"start":{"line":119,"column":10},"end":{"line":141,"column":null}},{"start":{"line":127,"column":10},"end":{"line":141,"column":null}}],"line":119},"9":{"loc":{"start":{"line":121,"column":12},"end":{"line":126,"column":null}},"type":"if","locations":[{"start":{"line":121,"column":12},"end":{"line":126,"column":null}},{"start":{"line":124,"column":19},"end":{"line":126,"column":null}}],"line":121},"10":{"loc":{"start":{"line":121,"column":16},"end":{"line":121,"column":46}},"type":"binary-expr","locations":[{"start":{"line":121,"column":16},"end":{"line":121,"column":38}},{"start":{"line":121,"column":38},"end":{"line":121,"column":46}}],"line":121},"11":{"loc":{"start":{"line":127,"column":10},"end":{"line":141,"column":null}},"type":"if","locations":[{"start":{"line":127,"column":10},"end":{"line":141,"column":null}},{"start":{"line":133,"column":10},"end":{"line":141,"column":null}}],"line":127},"12":{"loc":{"start":{"line":128,"column":12},"end":{"line":132,"column":null}},"type":"if","locations":[{"start":{"line":128,"column":12},"end":{"line":132,"column":null}},{"start":{"line":130,"column":19},"end":{"line":132,"column":null}}],"line":128},"13":{"loc":{"start":{"line":133,"column":10},"end":{"line":141,"column":null}},"type":"if","locations":[{"start":{"line":133,"column":10},"end":{"line":141,"column":null}},{"start":{"line":139,"column":17},"end":{"line":141,"column":null}}],"line":133},"14":{"loc":{"start":{"line":134,"column":12},"end":{"line":138,"column":null}},"type":"if","locations":[{"start":{"line":134,"column":12},"end":{"line":138,"column":null}},{"start":{"line":136,"column":19},"end":{"line":138,"column":null}}],"line":134},"15":{"loc":{"start":{"line":142,"column":8},"end":{"line":146,"column":null}},"type":"if","locations":[{"start":{"line":142,"column":8},"end":{"line":146,"column":null}},{"start":{"line":144,"column":15},"end":{"line":146,"column":null}}],"line":142},"16":{"loc":{"start":{"line":153,"column":4},"end":{"line":153,"column":null}},"type":"if","locations":[{"start":{"line":153,"column":4},"end":{"line":153,"column":null}},{"start":{},"end":{}}],"line":153},"17":{"loc":{"start":{"line":153,"column":8},"end":{"line":153,"column":85}},"type":"binary-expr","locations":[{"start":{"line":153,"column":8},"end":{"line":153,"column":34}},{"start":{"line":153,"column":34},"end":{"line":153,"column":58}},{"start":{"line":153,"column":58},"end":{"line":153,"column":85}}],"line":153},"18":{"loc":{"start":{"line":156,"column":4},"end":{"line":177,"column":null}},"type":"if","locations":[{"start":{"line":156,"column":4},"end":{"line":177,"column":null}},{"start":{"line":159,"column":11},"end":{"line":177,"column":null}}],"line":156},"19":{"loc":{"start":{"line":161,"column":6},"end":{"line":165,"column":null}},"type":"if","locations":[{"start":{"line":161,"column":6},"end":{"line":165,"column":null}},{"start":{"line":163,"column":13},"end":{"line":165,"column":null}}],"line":161},"20":{"loc":{"start":{"line":161,"column":10},"end":{"line":161,"column":63}},"type":"binary-expr","locations":[{"start":{"line":161,"column":10},"end":{"line":161,"column":46}},{"start":{"line":161,"column":46},"end":{"line":161,"column":63}}],"line":161},"21":{"loc":{"start":{"line":167,"column":6},"end":{"line":171,"column":null}},"type":"if","locations":[{"start":{"line":167,"column":6},"end":{"line":171,"column":null}},{"start":{"line":169,"column":13},"end":{"line":171,"column":null}}],"line":167},"22":{"loc":{"start":{"line":167,"column":10},"end":{"line":167,"column":61}},"type":"binary-expr","locations":[{"start":{"line":167,"column":10},"end":{"line":167,"column":45}},{"start":{"line":167,"column":45},"end":{"line":167,"column":61}}],"line":167},"23":{"loc":{"start":{"line":174,"column":6},"end":{"line":176,"column":null}},"type":"if","locations":[{"start":{"line":174,"column":6},"end":{"line":176,"column":null}},{"start":{},"end":{}}],"line":174},"24":{"loc":{"start":{"line":174,"column":10},"end":{"line":174,"column":77}},"type":"binary-expr","locations":[{"start":{"line":174,"column":10},"end":{"line":174,"column":49}},{"start":{"line":174,"column":49},"end":{"line":174,"column":77}}],"line":174},"25":{"loc":{"start":{"line":182,"column":2},"end":{"line":188,"column":null}},"type":"if","locations":[{"start":{"line":182,"column":2},"end":{"line":188,"column":null}},{"start":{},"end":{}}],"line":182},"26":{"loc":{"start":{"line":182,"column":6},"end":{"line":182,"column":41}},"type":"binary-expr","locations":[{"start":{"line":182,"column":6},"end":{"line":182,"column":17}},{"start":{"line":182,"column":17},"end":{"line":182,"column":41}}],"line":182},"27":{"loc":{"start":{"line":191,"column":29},"end":{"line":191,"column":null}},"type":"binary-expr","locations":[{"start":{"line":191,"column":29},"end":{"line":191,"column":56}},{"start":{"line":191,"column":56},"end":{"line":191,"column":78}},{"start":{"line":191,"column":78},"end":{"line":191,"column":null}}],"line":191},"28":{"loc":{"start":{"line":206,"column":7},"end":{"line":218,"column":null}},"type":"binary-expr","locations":[{"start":{"line":206,"column":7},"end":{"line":206,"column":36}},{"start":{"line":206,"column":36},"end":{"line":206,"column":null}},{"start":{"line":207,"column":8},"end":{"line":218,"column":null}}],"line":206},"29":{"loc":{"start":{"line":216,"column":24},"end":{"line":216,"column":73}},"type":"cond-expr","locations":[{"start":{"line":216,"column":44},"end":{"line":216,"column":53}},{"start":{"line":216,"column":53},"end":{"line":216,"column":73}}],"line":216},"30":{"loc":{"start":{"line":221,"column":7},"end":{"line":226,"column":null}},"type":"binary-expr","locations":[{"start":{"line":221,"column":7},"end":{"line":221,"column":null}},{"start":{"line":222,"column":8},"end":{"line":226,"column":null}}],"line":221},"31":{"loc":{"start":{"line":224,"column":12},"end":{"line":224,"column":null}},"type":"if","locations":[{"start":{"line":224,"column":12},"end":{"line":224,"column":null}},{"start":{},"end":{}}],"line":224},"32":{"loc":{"start":{"line":229,"column":7},"end":{"line":234,"column":null}},"type":"binary-expr","locations":[{"start":{"line":229,"column":7},"end":{"line":229,"column":null}},{"start":{"line":230,"column":8},"end":{"line":234,"column":null}}],"line":229},"33":{"loc":{"start":{"line":237,"column":7},"end":{"line":254,"column":null}},"type":"binary-expr","locations":[{"start":{"line":237,"column":7},"end":{"line":237,"column":null}},{"start":{"line":238,"column":8},"end":{"line":254,"column":null}}],"line":237},"34":{"loc":{"start":{"line":238,"column":8},"end":{"line":254,"column":null}},"type":"cond-expr","locations":[{"start":{"line":239,"column":10},"end":{"line":248,"column":null}},{"start":{"line":250,"column":10},"end":{"line":254,"column":null}}],"line":238},"35":{"loc":{"start":{"line":258,"column":7},"end":{"line":262,"column":null}},"type":"binary-expr","locations":[{"start":{"line":258,"column":7},"end":{"line":258,"column":43}},{"start":{"line":258,"column":43},"end":{"line":258,"column":62}},{"start":{"line":258,"column":62},"end":{"line":258,"column":null}},{"start":{"line":259,"column":8},"end":{"line":262,"column":null}}],"line":258},"36":{"loc":{"start":{"line":265,"column":7},"end":{"line":270,"column":null}},"type":"binary-expr","locations":[{"start":{"line":265,"column":7},"end":{"line":265,"column":42}},{"start":{"line":265,"column":42},"end":{"line":265,"column":60}},{"start":{"line":265,"column":60},"end":{"line":265,"column":null}},{"start":{"line":266,"column":8},"end":{"line":270,"column":null}}],"line":265},"37":{"loc":{"start":{"line":273,"column":7},"end":{"line":279,"column":null}},"type":"binary-expr","locations":[{"start":{"line":273,"column":7},"end":{"line":273,"column":null}},{"start":{"line":274,"column":8},"end":{"line":279,"column":null}}],"line":273},"38":{"loc":{"start":{"line":282,"column":7},"end":{"line":288,"column":null}},"type":"binary-expr","locations":[{"start":{"line":282,"column":7},"end":{"line":282,"column":38}},{"start":{"line":282,"column":38},"end":{"line":282,"column":null}},{"start":{"line":283,"column":8},"end":{"line":288,"column":null}}],"line":282},"39":{"loc":{"start":{"line":291,"column":7},"end":{"line":296,"column":null}},"type":"binary-expr","locations":[{"start":{"line":291,"column":7},"end":{"line":291,"column":null}},{"start":{"line":292,"column":8},"end":{"line":296,"column":null}}],"line":291},"40":{"loc":{"start":{"line":299,"column":7},"end":{"line":303,"column":null}},"type":"binary-expr","locations":[{"start":{"line":299,"column":7},"end":{"line":299,"column":37}},{"start":{"line":299,"column":37},"end":{"line":299,"column":null}},{"start":{"line":300,"column":8},"end":{"line":303,"column":null}}],"line":299},"41":{"loc":{"start":{"line":301,"column":19},"end":{"line":301,"column":null}},"type":"binary-expr","locations":[{"start":{"line":301,"column":19},"end":{"line":301,"column":38}},{"start":{"line":301,"column":38},"end":{"line":301,"column":null}}],"line":301},"42":{"loc":{"start":{"line":316,"column":4},"end":{"line":321,"column":null}},"type":"if","locations":[{"start":{"line":316,"column":4},"end":{"line":321,"column":null}},{"start":{},"end":{}}],"line":316},"43":{"loc":{"start":{"line":336,"column":4},"end":{"line":340,"column":null}},"type":"if","locations":[{"start":{"line":336,"column":4},"end":{"line":340,"column":null}},{"start":{"line":338,"column":11},"end":{"line":340,"column":null}}],"line":336},"44":{"loc":{"start":{"line":351,"column":2},"end":{"line":357,"column":null}},"type":"if","locations":[{"start":{"line":351,"column":2},"end":{"line":357,"column":null}},{"start":{},"end":{}}],"line":351},"45":{"loc":{"start":{"line":351,"column":6},"end":{"line":351,"column":42}},"type":"binary-expr","locations":[{"start":{"line":351,"column":6},"end":{"line":351,"column":32}},{"start":{"line":351,"column":32},"end":{"line":351,"column":42}}],"line":351},"46":{"loc":{"start":{"line":359,"column":2},"end":{"line":367,"column":null}},"type":"if","locations":[{"start":{"line":359,"column":2},"end":{"line":367,"column":null}},{"start":{},"end":{}}],"line":359},"47":{"loc":{"start":{"line":369,"column":2},"end":{"line":381,"column":null}},"type":"if","locations":[{"start":{"line":369,"column":2},"end":{"line":381,"column":null}},{"start":{},"end":{}}],"line":369},"48":{"loc":{"start":{"line":369,"column":6},"end":{"line":369,"column":44}},"type":"binary-expr","locations":[{"start":{"line":369,"column":6},"end":{"line":369,"column":35}},{"start":{"line":369,"column":35},"end":{"line":369,"column":44}}],"line":369},"49":{"loc":{"start":{"line":383,"column":2},"end":{"line":391,"column":null}},"type":"if","locations":[{"start":{"line":383,"column":2},"end":{"line":391,"column":null}},{"start":{},"end":{}}],"line":383}},"s":{"0":0,"1":0,"2":0,"3":0,"4":1,"5":8,"6":8,"7":8,"8":8,"9":8,"10":8,"11":8,"12":0,"13":8,"14":8,"15":8,"16":4,"17":4,"18":0,"19":0,"20":4,"21":4,"22":0,"23":0,"24":0,"25":0,"26":0,"27":4,"28":0,"29":0,"30":0,"31":0,"32":0,"33":4,"34":2,"35":1,"36":1,"37":2,"38":2,"39":1,"40":1,"41":0,"42":0,"43":0,"44":0,"45":8,"46":8,"47":4,"48":4,"49":4,"50":2,"51":2,"52":2,"53":2,"54":0,"55":2,"56":2,"57":0,"58":2,"59":2,"60":0,"61":4,"62":8,"63":0,"64":8,"65":8,"66":0,"67":0,"68":0,"69":0,"70":0,"71":0,"72":0,"73":0,"74":0,"75":0,"76":0,"77":0,"78":0,"79":0,"80":0,"81":0,"82":0,"83":0,"84":0,"85":0,"86":0,"87":0,"88":0,"89":0,"90":0,"91":0,"92":0,"93":0,"94":0,"95":0,"96":0,"97":0,"98":0,"99":0,"100":0,"101":0,"102":0,"103":0,"104":0,"105":0,"106":0,"107":0,"108":0,"109":0,"110":0,"111":0,"112":0,"113":0,"114":0,"115":0,"116":0,"117":0,"118":0,"119":0,"120":0,"121":0,"122":0,"123":0,"124":0,"125":0,"126":0,"127":0,"128":0,"129":0},"f":{"0":0,"1":0,"2":8,"3":8,"4":4,"5":8,"6":0,"7":0,"8":0,"9":0,"10":0,"11":0,"12":0,"13":0,"14":0,"15":0,"16":0,"17":0,"18":0,"19":0,"20":0,"21":0,"22":0,"23":0,"24":0,"25":0,"26":0,"27":0,"28":0,"29":0,"30":0,"31":0,"32":0,"33":0,"34":0,"35":0,"36":0,"37":0},"b":{"0":[0,8],"1":[4,4],"2":[0,4],"3":[4,0],"4":[4,4],"5":[0,4],"6":[0,0],"7":[0,0],"8":[0,4],"9":[0,0],"10":[0,0],"11":[2,2],"12":[1,1],"13":[2,0],"14":[1,1],"15":[0,0],"16":[4,4],"17":[8,4,4],"18":[2,2],"19":[0,2],"20":[2,0],"21":[0,2],"22":[2,0],"23":[0,2],"24":[2,1],"25":[0,8],"26":[8,0],"27":[8,6,2],"28":[8,0,0],"29":[0,0],"30":[8,0],"31":[0,0],"32":[8,2],"33":[8,1],"34":[1,0],"35":[8,0,0,0],"36":[8,0,0,0],"37":[8,0],"38":[8,0,0],"39":[8,0],"40":[8,1,1],"41":[1,1],"42":[0,0],"43":[0,0],"44":[0,0],"45":[0,0],"46":[0,0],"47":[0,0],"48":[0,0],"49":[0,0]},"meta":{"lastBranch":50,"lastFunction":38,"lastStatement":130,"seen":{"f:54:9:54:41":0,"s:55:2:55:Infinity":0,"f:59:9:59:29":1,"s:60:14:60:Infinity":1,"s:61:2:61:Infinity":2,"s:62:2:62:Infinity":3,"s:65:59:79:Infinity":4,"f:81:16:81:25":2,"s:90:73:90:Infinity":5,"s:91:30:91:Infinity":6,"s:92:44:92:Infinity":7,"s:93:44:93:Infinity":8,"s:94:42:94:Infinity":9,"s:97:2:149:Infinity":10,"f:97:12:97:18":3,"b:98:4:98:Infinity:undefined:undefined:undefined:undefined":0,"s:98:4:98:Infinity":11,"s:98:17:98:Infinity":12,"s:101:19:101:Infinity":13,"s:102:24:102:Infinity":14,"b:104:4:148:Infinity:undefined:undefined:undefined:undefined":1,"s:104:4:148:Infinity":15,"s:105:6:147:Infinity":16,"f:105:21:105:27":4,"b:106:8:146:Infinity:109:8:146:Infinity":2,"s:106:8:146:Infinity":17,"s:107:10:107:Infinity":18,"s:108:10:108:Infinity":19,"b:109:8:146:Infinity:142:8:146:Infinity":3,"s:109:8:146:Infinity":20,"b:109:19:109:34:109:34:109:61":4,"b:111:10:141:Infinity:119:10:141:Infinity":5,"s:111:10:141:Infinity":21,"s:112:28:112:Infinity":22,"b:113:12:118:Infinity:116:19:118:Infinity":6,"s:113:12:118:Infinity":23,"b:113:16:113:38:113:38:113:47":7,"s:114:14:114:Infinity":24,"s:115:14:115:Infinity":25,"s:117:14:117:Infinity":26,"b:119:10:141:Infinity:127:10:141:Infinity":8,"s:119:10:141:Infinity":27,"s:120:27:120:Infinity":28,"b:121:12:126:Infinity:124:19:126:Infinity":9,"s:121:12:126:Infinity":29,"b:121:16:121:38:121:38:121:46":10,"s:122:14:122:Infinity":30,"s:123:14:123:Infinity":31,"s:125:14:125:Infinity":32,"b:127:10:141:Infinity:133:10:141:Infinity":11,"s:127:10:141:Infinity":33,"b:128:12:132:Infinity:130:19:132:Infinity":12,"s:128:12:132:Infinity":34,"s:129:14:129:Infinity":35,"s:131:14:131:Infinity":36,"b:133:10:141:Infinity:139:17:141:Infinity":13,"s:133:10:141:Infinity":37,"b:134:12:138:Infinity:136:19:138:Infinity":14,"s:134:12:138:Infinity":38,"s:135:14:135:Infinity":39,"s:137:14:137:Infinity":40,"s:140:12:140:Infinity":41,"b:142:8:146:Infinity:144:15:146:Infinity":15,"s:142:8:146:Infinity":42,"s:143:10:143:Infinity":43,"s:145:10:145:Infinity":44,"s:152:2:179:Infinity":45,"f:152:12:152:18":5,"b:153:4:153:Infinity:undefined:undefined:undefined:undefined":16,"s:153:4:153:Infinity":46,"b:153:8:153:34:153:34:153:58:153:58:153:85":17,"s:153:85:153:Infinity":47,"s:155:16:155:Infinity":48,"b:156:4:177:Infinity:159:11:177:Infinity":18,"s:156:4:177:Infinity":49,"s:157:6:157:Infinity":50,"s:158:6:158:Infinity":51,"s:160:6:160:Infinity":52,"b:161:6:165:Infinity:163:13:165:Infinity":19,"s:161:6:165:Infinity":53,"b:161:10:161:46:161:46:161:63":20,"s:162:8:162:Infinity":54,"s:164:8:164:Infinity":55,"b:167:6:171:Infinity:169:13:171:Infinity":21,"s:167:6:171:Infinity":56,"b:167:10:167:45:167:45:167:61":22,"s:168:8:168:Infinity":57,"s:170:8:170:Infinity":58,"b:174:6:176:Infinity:undefined:undefined:undefined:undefined":23,"s:174:6:176:Infinity":59,"b:174:10:174:49:174:49:174:77":24,"s:175:8:175:Infinity":60,"s:178:4:178:Infinity":61,"b:182:2:188:Infinity:undefined:undefined:undefined:undefined":25,"s:182:2:188:Infinity":62,"b:182:6:182:17:182:17:182:41":26,"s:183:4:186:Infinity":63,"s:191:29:191:Infinity":64,"b:191:29:191:56:191:56:191:78:191:78:191:Infinity":27,"s:193:2:305:Infinity":65,"f:197:14:197:20":6,"s:197:20:197:Infinity":66,"f:198:17:198:29":7,"s:199:8:199:Infinity":67,"s:200:8:200:Infinity":68,"f:202:20:202:26":8,"s:202:26:202:Infinity":69,"f:203:20:203:26":9,"s:203:26:203:Infinity":70,"b:206:7:206:36:206:36:206:Infinity:207:8:218:Infinity":28,"f:210:21:210:27":10,"s:211:12:211:Infinity":71,"s:212:12:212:Infinity":72,"f:212:27:212:33":11,"s:212:33:212:52":73,"f:214:19:214:25":12,"s:215:12:215:Infinity":74,"s:216:12:216:Infinity":75,"b:216:44:216:53:216:53:216:73":29,"b:221:7:221:Infinity:222:8:226:Infinity":30,"f:223:21:223:27":13,"s:223:27:225:Infinity":76,"f:223:42:223:48":14,"b:224:12:224:Infinity:undefined:undefined:undefined:undefined":31,"s:224:12:224:Infinity":77,"s:224:35:224:Infinity":78,"b:229:7:229:Infinity:230:8:234:Infinity":32,"f:231:25:231:31":15,"s:231:31:231:Infinity":79,"f:232:25:232:26":16,"s:232:43:232:67":80,"s:232:67:232:95":81,"f:233:22:233:28":17,"s:233:28:233:Infinity":82,"b:237:7:237:Infinity:238:8:254:Infinity":33,"b:239:10:248:Infinity:250:10:254:Infinity":34,"f:240:27:240:28":18,"s:241:14:241:Infinity":83,"s:242:14:242:Infinity":84,"f:244:26:244:27":19,"s:245:14:245:Infinity":85,"s:246:14:246:Infinity":86,"f:251:27:251:33":20,"s:251:33:251:Infinity":87,"f:252:27:252:28":21,"s:252:45:252:69":88,"s:252:69:252:97":89,"f:253:24:253:30":22,"s:253:30:253:Infinity":90,"b:258:7:258:43:258:43:258:62:258:62:258:Infinity:259:8:262:Infinity":35,"f:261:18:261:24":23,"s:261:24:261:Infinity":91,"b:265:7:265:42:265:42:265:60:265:60:265:Infinity:266:8:270:Infinity":36,"f:268:18:268:24":24,"s:268:24:268:Infinity":92,"b:273:7:273:Infinity:274:8:279:Infinity":37,"f:277:18:277:24":25,"s:277:24:277:Infinity":93,"f:278:21:278:27":26,"s:278:27:278:Infinity":94,"b:282:7:282:38:282:38:282:Infinity:283:8:288:Infinity":38,"f:287:18:287:24":27,"s:287:24:287:Infinity":95,"b:291:7:291:Infinity:292:8:296:Infinity":39,"f:295:18:295:24":28,"s:295:24:295:Infinity":96,"b:299:7:299:37:299:37:299:Infinity:300:8:303:Infinity":40,"b:301:19:301:38:301:38:301:Infinity":41,"f:302:18:302:24":29,"s:302:24:302:Infinity":97,"f:310:24:310:30":30,"s:311:28:311:Infinity":98,"s:312:30:312:Infinity":99,"s:313:20:313:Infinity":100,"f:315:17:315:27":31,"b:316:4:321:Infinity:undefined:undefined:undefined:undefined":42,"s:316:4:321:Infinity":101,"s:317:6:317:Infinity":102,"s:318:6:318:Infinity":103,"s:319:6:319:Infinity":104,"s:320:6:320:Infinity":105,"s:323:4:323:Infinity":106,"s:324:4:327:Infinity":107,"s:330:21:334:Infinity":108,"b:336:4:340:Infinity:338:11:340:Infinity":43,"s:336:4:340:Infinity":109,"s:337:6:337:Infinity":110,"s:339:6:339:Infinity":111,"s:343:2:349:Infinity":112,"f:343:12:343:18":32,"s:344:4:344:Infinity":113,"f:344:36:344:37":33,"s:344:50:344:73":114,"s:345:39:347:Infinity":115,"f:345:71:345:72":34,"s:346:6:346:Infinity":116,"s:348:4:348:Infinity":117,"f:348:11:348:17":35,"s:348:17:348:Infinity":118,"b:351:2:357:Infinity:undefined:undefined:undefined:undefined":44,"s:351:2:357:Infinity":119,"b:351:6:351:32:351:32:351:42":45,"s:352:4:355:Infinity":120,"b:359:2:367:Infinity:undefined:undefined:undefined:undefined":46,"s:359:2:367:Infinity":121,"s:360:4:365:Infinity":122,"b:369:2:381:Infinity:undefined:undefined:undefined:undefined":47,"s:369:2:381:Infinity":123,"b:369:6:369:35:369:35:369:44":48,"s:370:4:379:Infinity":124,"f:375:24:375:30":36,"s:375:30:375:Infinity":125,"f:376:23:376:29":37,"s:376:29:376:Infinity":126,"b:383:2:391:Infinity:undefined:undefined:undefined:undefined":49,"s:383:2:391:Infinity":127,"s:384:4:389:Infinity":128,"s:393:2:393:Infinity":129}}}
,"/home/marcos/code/mabel/projects/borafut/src/components/BrandLogo.tsx": {"path":"/home/marcos/code/mabel/projects/borafut/src/components/BrandLogo.tsx","statementMap":{"0":{"start":{"line":7,"column":24},"end":{"line":12,"column":null}},"1":{"start":{"line":14,"column":4},"end":{"line":18,"column":null}}},"fnMap":{"0":{"name":"BrandLogo","decl":{"start":{"line":6,"column":24},"end":{"line":6,"column":34}},"loc":{"start":{"line":6,"column":83},"end":{"line":20,"column":null}},"line":6}},"branchMap":{"0":{"loc":{"start":{"line":6,"column":36},"end":{"line":6,"column":52}},"type":"default-arg","locations":[{"start":{"line":6,"column":48},"end":{"line":6,"column":52}}],"line":6},"1":{"loc":{"start":{"line":6,"column":52},"end":{"line":6,"column":64}},"type":"default-arg","locations":[{"start":{"line":6,"column":59},"end":{"line":6,"column":64}}],"line":6}},"s":{"0":8,"1":8},"f":{"0":8},"b":{"0":[8],"1":[8]},"meta":{"lastBranch":2,"lastFunction":1,"lastStatement":2,"seen":{"f:6:24:6:34":0,"b:6:48:6:52":0,"b:6:59:6:64":1,"s:7:24:12:Infinity":0,"s:14:4:18:Infinity":1}}}
,"/home/marcos/code/mabel/projects/borafut/src/components/DraftBoard.tsx": {"path":"/home/marcos/code/mabel/projects/borafut/src/components/DraftBoard.tsx","statementMap":{"0":{"start":{"line":11,"column":4},"end":{"line":90,"column":null}},"1":{"start":{"line":23,"column":26},"end":{"line":23,"column":null}},"2":{"start":{"line":25,"column":20},"end":{"line":86,"column":null}},"3":{"start":{"line":40,"column":55},"end":{"line":40,"column":null}},"4":{"start":{"line":41,"column":60},"end":{"line":41,"column":null}},"5":{"start":{"line":43,"column":36},"end":{"line":81,"column":null}},"6":{"start":{"line":46,"column":59},"end":{"line":46,"column":null}}},"fnMap":{"0":{"name":"DraftBoard","decl":{"start":{"line":10,"column":24},"end":{"line":10,"column":35}},"loc":{"start":{"line":10,"column":94},"end":{"line":92,"column":null}},"line":10},"1":{"name":"(anonymous_1)","decl":{"start":{"line":22,"column":27},"end":{"line":22,"column":28}},"loc":{"start":{"line":22,"column":43},"end":{"line":88,"column":17}},"line":22},"2":{"name":"(anonymous_2)","decl":{"start":{"line":39,"column":50},"end":{"line":39,"column":51}},"loc":{"start":{"line":39,"column":62},"end":{"line":83,"column":33}},"line":39},"3":{"name":"(anonymous_3)","decl":{"start":{"line":46,"column":53},"end":{"line":46,"column":59}},"loc":{"start":{"line":46,"column":59},"end":{"line":46,"column":null}},"line":46}},"branchMap":{"0":{"loc":{"start":{"line":41,"column":60},"end":{"line":41,"column":null}},"type":"binary-expr","locations":[{"start":{"line":41,"column":60},"end":{"line":41,"column":78}},{"start":{"line":41,"column":78},"end":{"line":41,"column":null}}],"line":41},"1":{"loc":{"start":{"line":50,"column":50},"end":{"line":54,"column":null}},"type":"cond-expr","locations":[{"start":{"line":51,"column":54},"end":{"line":51,"column":null}},{"start":{"line":52,"column":54},"end":{"line":54,"column":null}}],"line":50},"2":{"loc":{"start":{"line":52,"column":54},"end":{"line":54,"column":null}},"type":"cond-expr","locations":[{"start":{"line":53,"column":58},"end":{"line":53,"column":null}},{"start":{"line":54,"column":58},"end":{"line":54,"column":null}}],"line":52},"3":{"loc":{"start":{"line":63,"column":130},"end":{"line":63,"column":176}},"type":"cond-expr","locations":[{"start":{"line":63,"column":143},"end":{"line":63,"column":161}},{"start":{"line":63,"column":161},"end":{"line":63,"column":176}}],"line":63},"4":{"loc":{"start":{"line":72,"column":105},"end":{"line":72,"column":151}},"type":"cond-expr","locations":[{"start":{"line":72,"column":118},"end":{"line":72,"column":136}},{"start":{"line":72,"column":136},"end":{"line":72,"column":151}}],"line":72},"5":{"loc":{"start":{"line":74,"column":75},"end":{"line":74,"column":137}},"type":"cond-expr","locations":[{"start":{"line":74,"column":88},"end":{"line":74,"column":120}},{"start":{"line":74,"column":120},"end":{"line":74,"column":137}}],"line":74},"6":{"loc":{"start":{"line":78,"column":45},"end":{"line":79,"column":null}},"type":"binary-expr","locations":[{"start":{"line":78,"column":45},"end":{"line":78,"column":null}},{"start":{"line":79,"column":48},"end":{"line":79,"column":null}}],"line":78}},"s":{"0":0,"1":0,"2":0,"3":0,"4":0,"5":0,"6":0},"f":{"0":0,"1":0,"2":0,"3":0},"b":{"0":[0,0],"1":[0,0],"2":[0,0],"3":[0,0],"4":[0,0],"5":[0,0],"6":[0,0]},"meta":{"lastBranch":7,"lastFunction":4,"lastStatement":7,"seen":{"f:10:24:10:35":0,"s:11:4:90:Infinity":0,"f:22:27:22:28":1,"s:23:26:23:Infinity":1,"s:25:20:86:Infinity":2,"f:39:50:39:51":2,"s:40:55:40:Infinity":3,"s:41:60:41:Infinity":4,"b:41:60:41:78:41:78:41:Infinity":0,"s:43:36:81:Infinity":5,"f:46:53:46:59":3,"s:46:59:46:Infinity":6,"b:51:54:51:Infinity:52:54:54:Infinity":1,"b:53:58:53:Infinity:54:58:54:Infinity":2,"b:63:143:63:161:63:161:63:176":3,"b:72:118:72:136:72:136:72:151":4,"b:74:88:74:120:74:120:74:137":5,"b:78:45:78:Infinity:79:48:79:Infinity":6}}}
,"/home/marcos/code/mabel/projects/borafut/src/components/Layout.tsx": {"path":"/home/marcos/code/mabel/projects/borafut/src/components/Layout.tsx","statementMap":{"0":{"start":{"line":18,"column":36},"end":{"line":18,"column":null}},"1":{"start":{"line":19,"column":36},"end":{"line":19,"column":null}},"2":{"start":{"line":22,"column":4},"end":{"line":28,"column":null}},"3":{"start":{"line":23,"column":26},"end":{"line":25,"column":null}},"4":{"start":{"line":24,"column":12},"end":{"line":24,"column":null}},"5":{"start":{"line":24,"column":36},"end":{"line":24,"column":null}},"6":{"start":{"line":26,"column":8},"end":{"line":26,"column":null}},"7":{"start":{"line":27,"column":8},"end":{"line":27,"column":null}},"8":{"start":{"line":27,"column":21},"end":{"line":27,"column":null}},"9":{"start":{"line":31,"column":4},"end":{"line":37,"column":null}},"10":{"start":{"line":32,"column":8},"end":{"line":36,"column":null}},"11":{"start":{"line":33,"column":12},"end":{"line":33,"column":null}},"12":{"start":{"line":35,"column":12},"end":{"line":35,"column":null}},"13":{"start":{"line":40,"column":8},"end":{"line":40,"column":null}},"14":{"start":{"line":41,"column":8},"end":{"line":41,"column":null}},"15":{"start":{"line":44,"column":21},"end":{"line":49,"column":null}},"16":{"start":{"line":46,"column":20},"end":{"line":46,"column":24}},"17":{"start":{"line":51,"column":4},"end":{"line":175,"column":null}},"18":{"start":{"line":59,"column":43},"end":{"line":59,"column":null}},"19":{"start":{"line":81,"column":39},"end":{"line":81,"column":null}},"20":{"start":{"line":97,"column":47},"end":{"line":97,"column":null}},"21":{"start":{"line":114,"column":45},"end":{"line":114,"column":55}},"22":{"start":{"line":114,"column":55},"end":{"line":114,"column":76}},"23":{"start":{"line":126,"column":49},"end":{"line":126,"column":65}},"24":{"start":{"line":126,"column":65},"end":{"line":126,"column":86}},"25":{"start":{"line":139,"column":49},"end":{"line":139,"column":65}},"26":{"start":{"line":139,"column":65},"end":{"line":139,"column":86}}},"fnMap":{"0":{"name":"Layout","decl":{"start":{"line":17,"column":24},"end":{"line":17,"column":31}},"loc":{"start":{"line":17,"column":121},"end":{"line":177,"column":null}},"line":17},"1":{"name":"(anonymous_1)","decl":{"start":{"line":22,"column":14},"end":{"line":22,"column":20}},"loc":{"start":{"line":22,"column":20},"end":{"line":28,"column":7}},"line":22},"2":{"name":"(anonymous_2)","decl":{"start":{"line":23,"column":26},"end":{"line":23,"column":27}},"loc":{"start":{"line":23,"column":48},"end":{"line":25,"column":null}},"line":23},"3":{"name":"(anonymous_3)","decl":{"start":{"line":27,"column":15},"end":{"line":27,"column":21}},"loc":{"start":{"line":27,"column":21},"end":{"line":27,"column":null}},"line":27},"4":{"name":"(anonymous_4)","decl":{"start":{"line":31,"column":14},"end":{"line":31,"column":20}},"loc":{"start":{"line":31,"column":20},"end":{"line":37,"column":7}},"line":31},"5":{"name":"handleSignOut","decl":{"start":{"line":39,"column":19},"end":{"line":39,"column":35}},"loc":{"start":{"line":39,"column":35},"end":{"line":42,"column":null}},"line":39},"6":{"name":"(anonymous_6)","decl":{"start":{"line":46,"column":13},"end":{"line":46,"column":14}},"loc":{"start":{"line":46,"column":20},"end":{"line":46,"column":24}},"line":46},"7":{"name":"(anonymous_7)","decl":{"start":{"line":59,"column":37},"end":{"line":59,"column":43}},"loc":{"start":{"line":59,"column":43},"end":{"line":59,"column":null}},"line":59},"8":{"name":"(anonymous_8)","decl":{"start":{"line":81,"column":33},"end":{"line":81,"column":39}},"loc":{"start":{"line":81,"column":39},"end":{"line":81,"column":null}},"line":81},"9":{"name":"(anonymous_9)","decl":{"start":{"line":97,"column":41},"end":{"line":97,"column":47}},"loc":{"start":{"line":97,"column":47},"end":{"line":97,"column":null}},"line":97},"10":{"name":"(anonymous_10)","decl":{"start":{"line":114,"column":37},"end":{"line":114,"column":43}},"loc":{"start":{"line":114,"column":43},"end":{"line":114,"column":null}},"line":114},"11":{"name":"(anonymous_11)","decl":{"start":{"line":126,"column":41},"end":{"line":126,"column":47}},"loc":{"start":{"line":126,"column":47},"end":{"line":126,"column":null}},"line":126},"12":{"name":"(anonymous_12)","decl":{"start":{"line":139,"column":41},"end":{"line":139,"column":47}},"loc":{"start":{"line":139,"column":47},"end":{"line":139,"column":null}},"line":139}},"branchMap":{"0":{"loc":{"start":{"line":24,"column":12},"end":{"line":24,"column":null}},"type":"if","locations":[{"start":{"line":24,"column":12},"end":{"line":24,"column":null}},{"start":{},"end":{}}],"line":24},"1":{"loc":{"start":{"line":32,"column":8},"end":{"line":36,"column":null}},"type":"if","locations":[{"start":{"line":32,"column":8},"end":{"line":36,"column":null}},{"start":{"line":34,"column":15},"end":{"line":36,"column":null}}],"line":32},"2":{"loc":{"start":{"line":44,"column":21},"end":{"line":49,"column":null}},"type":"binary-expr","locations":[{"start":{"line":44,"column":21},"end":{"line":49,"column":26}},{"start":{"line":49,"column":26},"end":{"line":49,"column":null}}],"line":44},"3":{"loc":{"start":{"line":65,"column":25},"end":{"line":68,"column":null}},"type":"binary-expr","locations":[{"start":{"line":65,"column":25},"end":{"line":65,"column":null}},{"start":{"line":66,"column":28},"end":{"line":68,"column":null}}],"line":65},"4":{"loc":{"start":{"line":78,"column":17},"end":{"line":82,"column":null}},"type":"binary-expr","locations":[{"start":{"line":78,"column":17},"end":{"line":78,"column":null}},{"start":{"line":79,"column":20},"end":{"line":82,"column":null}}],"line":78},"5":{"loc":{"start":{"line":87,"column":167},"end":{"line":87,"column":null}},"type":"cond-expr","locations":[{"start":{"line":87,"column":180},"end":{"line":87,"column":198}},{"start":{"line":87,"column":198},"end":{"line":87,"column":null}}],"line":87},"6":{"loc":{"start":{"line":106,"column":95},"end":{"line":106,"column":126}},"type":"binary-expr","locations":[{"start":{"line":106,"column":95},"end":{"line":106,"column":116}},{"start":{"line":106,"column":116},"end":{"line":106,"column":126}}],"line":106},"7":{"loc":{"start":{"line":107,"column":84},"end":{"line":107,"column":120}},"type":"binary-expr","locations":[{"start":{"line":107,"column":84},"end":{"line":107,"column":105}},{"start":{"line":107,"column":105},"end":{"line":107,"column":120}}],"line":107},"8":{"loc":{"start":{"line":124,"column":25},"end":{"line":134,"column":null}},"type":"binary-expr","locations":[{"start":{"line":124,"column":25},"end":{"line":124,"column":null}},{"start":{"line":125,"column":28},"end":{"line":134,"column":null}}],"line":124},"9":{"loc":{"start":{"line":137,"column":25},"end":{"line":147,"column":null}},"type":"binary-expr","locations":[{"start":{"line":137,"column":25},"end":{"line":137,"column":null}},{"start":{"line":138,"column":28},"end":{"line":147,"column":null}}],"line":137},"10":{"loc":{"start":{"line":158,"column":29},"end":{"line":164,"column":null}},"type":"cond-expr","locations":[{"start":{"line":159,"column":32},"end":{"line":159,"column":null}},{"start":{"line":161,"column":32},"end":{"line":164,"column":null}}],"line":158}},"s":{"0":8,"1":8,"2":8,"3":4,"4":0,"5":0,"6":4,"7":4,"8":4,"9":8,"10":4,"11":0,"12":4,"13":0,"14":0,"15":8,"16":0,"17":8,"18":0,"19":0,"20":0,"21":0,"22":0,"23":0,"24":0,"25":0,"26":0},"f":{"0":8,"1":4,"2":0,"3":4,"4":4,"5":0,"6":0,"7":0,"8":0,"9":0,"10":0,"11":0,"12":0},"b":{"0":[0,0],"1":[0,4],"2":[8,8],"3":[8,4],"4":[8,0],"5":[0,8],"6":[8,8],"7":[8,8],"8":[8,2],"9":[8,4],"10":[0,8]},"meta":{"lastBranch":11,"lastFunction":13,"lastStatement":27,"seen":{"f:17:24:17:31":0,"s:18:36:18:Infinity":0,"s:19:36:19:Infinity":1,"s:22:4:28:Infinity":2,"f:22:14:22:20":1,"s:23:26:25:Infinity":3,"f:23:26:23:27":2,"b:24:12:24:Infinity:undefined:undefined:undefined:undefined":0,"s:24:12:24:Infinity":4,"s:24:36:24:Infinity":5,"s:26:8:26:Infinity":6,"s:27:8:27:Infinity":7,"f:27:15:27:21":3,"s:27:21:27:Infinity":8,"s:31:4:37:Infinity":9,"f:31:14:31:20":4,"b:32:8:36:Infinity:34:15:36:Infinity":1,"s:32:8:36:Infinity":10,"s:33:12:33:Infinity":11,"s:35:12:35:Infinity":12,"f:39:19:39:35":5,"s:40:8:40:Infinity":13,"s:41:8:41:Infinity":14,"s:44:21:49:Infinity":15,"b:44:21:49:26:49:26:49:Infinity":2,"f:46:13:46:14":6,"s:46:20:46:24":16,"s:51:4:175:Infinity":17,"f:59:37:59:43":7,"s:59:43:59:Infinity":18,"b:65:25:65:Infinity:66:28:68:Infinity":3,"b:78:17:78:Infinity:79:20:82:Infinity":4,"f:81:33:81:39":8,"s:81:39:81:Infinity":19,"b:87:180:87:198:87:198:87:Infinity":5,"f:97:41:97:47":9,"s:97:47:97:Infinity":20,"b:106:95:106:116:106:116:106:126":6,"b:107:84:107:105:107:105:107:120":7,"f:114:37:114:43":10,"s:114:45:114:55":21,"s:114:55:114:76":22,"b:124:25:124:Infinity:125:28:134:Infinity":8,"f:126:41:126:47":11,"s:126:49:126:65":23,"s:126:65:126:86":24,"b:137:25:137:Infinity:138:28:147:Infinity":9,"f:139:41:139:47":12,"s:139:49:139:65":25,"s:139:65:139:86":26,"b:159:32:159:Infinity:161:32:164:Infinity":10}}}
,"/home/marcos/code/mabel/projects/borafut/src/components/SortSelector.tsx": {"path":"/home/marcos/code/mabel/projects/borafut/src/components/SortSelector.tsx","statementMap":{"0":{"start":{"line":20,"column":4},"end":{"line":40,"column":null}},"1":{"start":{"line":23,"column":35},"end":{"line":23,"column":null}},"2":{"start":{"line":24,"column":29},"end":{"line":24,"column":null}},"3":{"start":{"line":26,"column":16},"end":{"line":37,"column":null}},"4":{"start":{"line":29,"column":39},"end":{"line":29,"column":null}}},"fnMap":{"0":{"name":"SortSelector","decl":{"start":{"line":15,"column":24},"end":{"line":15,"column":55}},"loc":{"start":{"line":19,"column":25},"end":{"line":42,"column":null}},"line":19},"1":{"name":"(anonymous_1)","decl":{"start":{"line":22,"column":25},"end":{"line":22,"column":26}},"loc":{"start":{"line":22,"column":37},"end":{"line":39,"column":13}},"line":22},"2":{"name":"(anonymous_2)","decl":{"start":{"line":29,"column":33},"end":{"line":29,"column":39}},"loc":{"start":{"line":29,"column":39},"end":{"line":29,"column":null}},"line":29}},"branchMap":{"0":{"loc":{"start":{"line":30,"column":167},"end":{"line":32,"column":null}},"type":"cond-expr","locations":[{"start":{"line":31,"column":30},"end":{"line":31,"column":null}},{"start":{"line":32,"column":30},"end":{"line":32,"column":null}}],"line":30}},"s":{"0":21,"1":81,"2":81,"3":81,"4":2},"f":{"0":21,"1":81,"2":2},"b":{"0":[21,60]},"meta":{"lastBranch":1,"lastFunction":3,"lastStatement":5,"seen":{"f:15:24:15:55":0,"s:20:4:40:Infinity":0,"f:22:25:22:26":1,"s:23:35:23:Infinity":1,"s:24:29:24:Infinity":2,"s:26:16:37:Infinity":3,"f:29:33:29:39":2,"s:29:39:29:Infinity":4,"b:31:30:31:Infinity:32:30:32:Infinity":0}}}
,"/home/marcos/code/mabel/projects/borafut/src/hooks/useCurrentUser.ts": {"path":"/home/marcos/code/mabel/projects/borafut/src/hooks/useCurrentUser.ts","statementMap":{"0":{"start":{"line":5,"column":6},"end":{"line":5,"column":null}},"1":{"start":{"line":27,"column":24},"end":{"line":27,"column":null}},"2":{"start":{"line":28,"column":28},"end":{"line":28,"column":null}},"3":{"start":{"line":29,"column":30},"end":{"line":29,"column":null}},"4":{"start":{"line":32,"column":8},"end":{"line":71,"column":null}},"5":{"start":{"line":33,"column":49},"end":{"line":33,"column":null}},"6":{"start":{"line":34,"column":12},"end":{"line":34,"column":null}},"7":{"start":{"line":34,"column":29},"end":{"line":34,"column":48}},"8":{"start":{"line":34,"column":48},"end":{"line":34,"column":55}},"9":{"start":{"line":36,"column":49},"end":{"line":42,"column":null}},"10":{"start":{"line":44,"column":12},"end":{"line":44,"column":null}},"11":{"start":{"line":44,"column":34},"end":{"line":44,"column":null}},"12":{"start":{"line":45,"column":12},"end":{"line":45,"column":null}},"13":{"start":{"line":45,"column":38},"end":{"line":45,"column":null}},"14":{"start":{"line":47,"column":12},"end":{"line":47,"column":null}},"15":{"start":{"line":49,"column":36},"end":{"line":49,"column":null}},"16":{"start":{"line":59,"column":51},"end":{"line":65,"column":null}},"17":{"start":{"line":59,"column":76},"end":{"line":65,"column":14}},"18":{"start":{"line":66,"column":12},"end":{"line":66,"column":null}},"19":{"start":{"line":68,"column":12},"end":{"line":68,"column":null}},"20":{"start":{"line":70,"column":12},"end":{"line":70,"column":null}},"21":{"start":{"line":74,"column":4},"end":{"line":74,"column":null}},"22":{"start":{"line":74,"column":22},"end":{"line":74,"column":34}},"23":{"start":{"line":77,"column":30},"end":{"line":77,"column":null}},"24":{"start":{"line":77,"column":69},"end":{"line":77,"column":87}},"25":{"start":{"line":78,"column":24},"end":{"line":78,"column":null}},"26":{"start":{"line":78,"column":73},"end":{"line":78,"column":91}},"27":{"start":{"line":80,"column":4},"end":{"line":80,"column":null}}},"fnMap":{"0":{"name":"useCurrentUser","decl":{"start":{"line":26,"column":16},"end":{"line":26,"column":33}},"loc":{"start":{"line":26,"column":33},"end":{"line":81,"column":null}},"line":26},"1":{"name":"fetchUser","decl":{"start":{"line":31,"column":19},"end":{"line":31,"column":31}},"loc":{"start":{"line":31,"column":31},"end":{"line":72,"column":null}},"line":31},"2":{"name":"(anonymous_2)","decl":{"start":{"line":59,"column":70},"end":{"line":59,"column":76}},"loc":{"start":{"line":59,"column":76},"end":{"line":65,"column":14}},"line":59},"3":{"name":"(anonymous_3)","decl":{"start":{"line":74,"column":14},"end":{"line":74,"column":20}},"loc":{"start":{"line":74,"column":20},"end":{"line":74,"column":37}},"line":74},"4":{"name":"(anonymous_4)","decl":{"start":{"line":77,"column":64},"end":{"line":77,"column":69}},"loc":{"start":{"line":77,"column":69},"end":{"line":77,"column":87}},"line":77},"5":{"name":"(anonymous_5)","decl":{"start":{"line":78,"column":68},"end":{"line":78,"column":73}},"loc":{"start":{"line":78,"column":73},"end":{"line":78,"column":91}},"line":78}},"branchMap":{"0":{"loc":{"start":{"line":34,"column":12},"end":{"line":34,"column":null}},"type":"if","locations":[{"start":{"line":34,"column":12},"end":{"line":34,"column":null}},{"start":{},"end":{}}],"line":34},"1":{"loc":{"start":{"line":44,"column":12},"end":{"line":44,"column":null}},"type":"if","locations":[{"start":{"line":44,"column":12},"end":{"line":44,"column":null}},{"start":{},"end":{}}],"line":44},"2":{"loc":{"start":{"line":45,"column":12},"end":{"line":45,"column":null}},"type":"if","locations":[{"start":{"line":45,"column":12},"end":{"line":45,"column":null}},{"start":{},"end":{}}],"line":45},"3":{"loc":{"start":{"line":47,"column":20},"end":{"line":47,"column":43}},"type":"binary-expr","locations":[{"start":{"line":47,"column":20},"end":{"line":47,"column":39}},{"start":{"line":47,"column":39},"end":{"line":47,"column":43}}],"line":47},"4":{"loc":{"start":{"line":49,"column":36},"end":{"line":49,"column":null}},"type":"binary-expr","locations":[{"start":{"line":49,"column":36},"end":{"line":49,"column":59}},{"start":{"line":49,"column":59},"end":{"line":49,"column":null}}],"line":49},"5":{"loc":{"start":{"line":77,"column":30},"end":{"line":77,"column":null}},"type":"binary-expr","locations":[{"start":{"line":77,"column":30},"end":{"line":77,"column":52}},{"start":{"line":77,"column":52},"end":{"line":77,"column":null}}],"line":77},"6":{"loc":{"start":{"line":78,"column":24},"end":{"line":78,"column":null}},"type":"cond-expr","locations":[{"start":{"line":78,"column":45},"end":{"line":78,"column":54}},{"start":{"line":78,"column":54},"end":{"line":78,"column":null}}],"line":78}},"s":{"0":1,"1":10,"2":10,"3":10,"4":4,"5":4,"6":4,"7":0,"8":0,"9":0,"10":0,"11":0,"12":0,"13":0,"14":0,"15":4,"16":4,"17":0,"18":4,"19":4,"20":4,"21":10,"22":4,"23":10,"24":0,"25":10,"26":0,"27":10},"f":{"0":10,"1":4,"2":0,"3":4,"4":0,"5":0},"b":{"0":[0,4],"1":[0,0],"2":[0,0],"3":[0,0],"4":[4,0],"5":[10,10],"6":[0,10]},"meta":{"lastBranch":7,"lastFunction":6,"lastStatement":28,"seen":{"s:5:6:5:Infinity":0,"f:26:16:26:33":0,"s:27:24:27:Infinity":1,"s:28:28:28:Infinity":2,"s:29:30:29:Infinity":3,"f:31:19:31:31":1,"s:32:8:71:Infinity":4,"s:33:49:33:Infinity":5,"b:34:12:34:Infinity:undefined:undefined:undefined:undefined":0,"s:34:12:34:Infinity":6,"s:34:29:34:48":7,"s:34:48:34:55":8,"s:36:49:42:Infinity":9,"b:44:12:44:Infinity:undefined:undefined:undefined:undefined":1,"s:44:12:44:Infinity":10,"s:44:34:44:Infinity":11,"b:45:12:45:Infinity:undefined:undefined:undefined:undefined":2,"s:45:12:45:Infinity":12,"s:45:38:45:Infinity":13,"s:47:12:47:Infinity":14,"b:47:20:47:39:47:39:47:43":3,"s:49:36:49:Infinity":15,"b:49:36:49:59:49:59:49:Infinity":4,"s:59:51:65:Infinity":16,"f:59:70:59:76":2,"s:59:76:65:14":17,"s:66:12:66:Infinity":18,"s:68:12:68:Infinity":19,"s:70:12:70:Infinity":20,"s:74:4:74:Infinity":21,"f:74:14:74:20":3,"s:74:22:74:34":22,"s:77:30:77:Infinity":23,"b:77:30:77:52:77:52:77:Infinity":5,"f:77:64:77:69":4,"s:77:69:77:87":24,"s:78:24:78:Infinity":25,"b:78:45:78:54:78:54:78:Infinity":6,"f:78:68:78:73":5,"s:78:73:78:91":26,"s:80:4:80:Infinity":27}}}
,"/home/marcos/code/mabel/projects/borafut/src/hooks/useDraftState.ts": {"path":"/home/marcos/code/mabel/projects/borafut/src/hooks/useDraftState.ts","statementMap":{"0":{"start":{"line":10,"column":32},"end":{"line":10,"column":null}},"1":{"start":{"line":11,"column":26},"end":{"line":11,"column":null}},"2":{"start":{"line":12,"column":44},"end":{"line":12,"column":null}},"3":{"start":{"line":15,"column":10},"end":{"line":24,"column":null}},"4":{"start":{"line":16,"column":8},"end":{"line":23,"column":null}},"5":{"start":{"line":17,"column":18},"end":{"line":17,"column":null}},"6":{"start":{"line":18,"column":12},"end":{"line":18,"column":null}},"7":{"start":{"line":19,"column":12},"end":{"line":19,"column":null}},"8":{"start":{"line":20,"column":12},"end":{"line":20,"column":null}},"9":{"start":{"line":22,"column":12},"end":{"line":22,"column":null}},"10":{"start":{"line":27,"column":10},"end":{"line":69,"column":null}},"11":{"start":{"line":28,"column":8},"end":{"line":68,"column":null}},"12":{"start":{"line":30,"column":12},"end":{"line":30,"column":null}},"13":{"start":{"line":33,"column":12},"end":{"line":36,"column":null}},"14":{"start":{"line":34,"column":16},"end":{"line":34,"column":null}},"15":{"start":{"line":35,"column":16},"end":{"line":35,"column":null}},"16":{"start":{"line":39,"column":12},"end":{"line":64,"column":null}},"17":{"start":{"line":40,"column":33},"end":{"line":40,"column":null}},"18":{"start":{"line":43,"column":30},"end":{"line":43,"column":null}},"19":{"start":{"line":43,"column":49},"end":{"line":43,"column":79}},"20":{"start":{"line":44,"column":30},"end":{"line":44,"column":null}},"21":{"start":{"line":44,"column":49},"end":{"line":44,"column":64}},"22":{"start":{"line":46,"column":16},"end":{"line":46,"column":null}},"23":{"start":{"line":46,"column":38},"end":{"line":46,"column":null}},"24":{"start":{"line":49,"column":32},"end":{"line":49,"column":null}},"25":{"start":{"line":49,"column":76},"end":{"line":49,"column":108}},"26":{"start":{"line":50,"column":32},"end":{"line":50,"column":null}},"27":{"start":{"line":50,"column":76},"end":{"line":50,"column":94}},"28":{"start":{"line":52,"column":16},"end":{"line":52,"column":null}},"29":{"start":{"line":52,"column":54},"end":{"line":52,"column":null}},"30":{"start":{"line":55,"column":27},"end":{"line":55,"column":null}},"31":{"start":{"line":56,"column":27},"end":{"line":56,"column":null}},"32":{"start":{"line":59,"column":16},"end":{"line":59,"column":null}},"33":{"start":{"line":60,"column":16},"end":{"line":60,"column":null}},"34":{"start":{"line":63,"column":16},"end":{"line":63,"column":null}},"35":{"start":{"line":67,"column":12},"end":{"line":67,"column":null}},"36":{"start":{"line":71,"column":29},"end":{"line":71,"column":null}},"37":{"start":{"line":73,"column":4},"end":{"line":81,"column":null}}},"fnMap":{"0":{"name":"useDraftState","decl":{"start":{"line":9,"column":16},"end":{"line":9,"column":30}},"loc":{"start":{"line":9,"column":84},"end":{"line":82,"column":null}},"line":9},"1":{"name":"(anonymous_1)","decl":{"start":{"line":15,"column":38},"end":{"line":15,"column":39}},"loc":{"start":{"line":15,"column":73},"end":{"line":24,"column":7}},"line":15},"2":{"name":"(anonymous_2)","decl":{"start":{"line":27,"column":42},"end":{"line":27,"column":43}},"loc":{"start":{"line":27,"column":83},"end":{"line":69,"column":7}},"line":27},"3":{"name":"(anonymous_3)","decl":{"start":{"line":39,"column":21},"end":{"line":39,"column":37}},"loc":{"start":{"line":39,"column":37},"end":{"line":64,"column":13}},"line":39},"4":{"name":"(anonymous_4)","decl":{"start":{"line":43,"column":44},"end":{"line":43,"column":49}},"loc":{"start":{"line":43,"column":49},"end":{"line":43,"column":79}},"line":43},"5":{"name":"(anonymous_5)","decl":{"start":{"line":44,"column":44},"end":{"line":44,"column":49}},"loc":{"start":{"line":44,"column":49},"end":{"line":44,"column":64}},"line":44},"6":{"name":"(anonymous_6)","decl":{"start":{"line":49,"column":56},"end":{"line":49,"column":57}},"loc":{"start":{"line":49,"column":76},"end":{"line":49,"column":108}},"line":49},"7":{"name":"(anonymous_7)","decl":{"start":{"line":50,"column":56},"end":{"line":50,"column":57}},"loc":{"start":{"line":50,"column":76},"end":{"line":50,"column":94}},"line":50}},"branchMap":{"0":{"loc":{"start":{"line":9,"column":41},"end":{"line":9,"column":61}},"type":"default-arg","locations":[{"start":{"line":9,"column":59},"end":{"line":9,"column":61}}],"line":9},"1":{"loc":{"start":{"line":15,"column":39},"end":{"line":15,"column":73}},"type":"default-arg","locations":[{"start":{"line":15,"column":60},"end":{"line":15,"column":73}}],"line":15},"2":{"loc":{"start":{"line":28,"column":8},"end":{"line":68,"column":null}},"type":"if","locations":[{"start":{"line":28,"column":8},"end":{"line":68,"column":null}},{"start":{"line":31,"column":15},"end":{"line":68,"column":null}}],"line":28},"3":{"loc":{"start":{"line":33,"column":12},"end":{"line":36,"column":null}},"type":"if","locations":[{"start":{"line":33,"column":12},"end":{"line":36,"column":null}},{"start":{},"end":{}}],"line":33},"4":{"loc":{"start":{"line":46,"column":16},"end":{"line":46,"column":null}},"type":"if","locations":[{"start":{"line":46,"column":16},"end":{"line":46,"column":null}},{"start":{},"end":{}}],"line":46},"5":{"loc":{"start":{"line":46,"column":20},"end":{"line":46,"column":38}},"type":"binary-expr","locations":[{"start":{"line":46,"column":20},"end":{"line":46,"column":30}},{"start":{"line":46,"column":30},"end":{"line":46,"column":38}}],"line":46},"6":{"loc":{"start":{"line":52,"column":16},"end":{"line":52,"column":null}},"type":"if","locations":[{"start":{"line":52,"column":16},"end":{"line":52,"column":null}},{"start":{},"end":{}}],"line":52},"7":{"loc":{"start":{"line":52,"column":20},"end":{"line":52,"column":54}},"type":"binary-expr","locations":[{"start":{"line":52,"column":20},"end":{"line":52,"column":38}},{"start":{"line":52,"column":38},"end":{"line":52,"column":54}}],"line":52}},"s":{"0":12,"1":12,"2":12,"3":12,"4":3,"5":3,"6":3,"7":3,"8":3,"9":0,"10":12,"11":4,"12":2,"13":2,"14":1,"15":1,"16":1,"17":1,"18":1,"19":1,"20":1,"21":2,"22":1,"23":0,"24":1,"25":1,"26":1,"27":1,"28":1,"29":0,"30":1,"31":1,"32":1,"33":1,"34":1,"35":1,"36":12,"37":12},"f":{"0":12,"1":3,"2":4,"3":1,"4":1,"5":2,"6":1,"7":1},"b":{"0":[12],"1":[3],"2":[2,2],"3":[1,1],"4":[0,1],"5":[1,1],"6":[0,1],"7":[1,1]},"meta":{"lastBranch":8,"lastFunction":8,"lastStatement":38,"seen":{"f:9:16:9:30":0,"b:9:59:9:61":0,"s:10:32:10:Infinity":0,"s:11:26:11:Infinity":1,"s:12:44:12:Infinity":2,"s:15:10:24:Infinity":3,"f:15:38:15:39":1,"b:15:60:15:73":1,"s:16:8:23:Infinity":4,"s:17:18:17:Infinity":5,"s:18:12:18:Infinity":6,"s:19:12:19:Infinity":7,"s:20:12:20:Infinity":8,"s:22:12:22:Infinity":9,"s:27:10:69:Infinity":10,"f:27:42:27:43":2,"b:28:8:68:Infinity:31:15:68:Infinity":2,"s:28:8:68:Infinity":11,"s:30:12:30:Infinity":12,"b:33:12:36:Infinity:undefined:undefined:undefined:undefined":3,"s:33:12:36:Infinity":13,"s:34:16:34:Infinity":14,"s:35:16:35:Infinity":15,"s:39:12:64:Infinity":16,"f:39:21:39:37":3,"s:40:33:40:Infinity":17,"s:43:30:43:Infinity":18,"f:43:44:43:49":4,"s:43:49:43:79":19,"s:44:30:44:Infinity":20,"f:44:44:44:49":5,"s:44:49:44:64":21,"b:46:16:46:Infinity:undefined:undefined:undefined:undefined":4,"s:46:16:46:Infinity":22,"b:46:20:46:30:46:30:46:38":5,"s:46:38:46:Infinity":23,"s:49:32:49:Infinity":24,"f:49:56:49:57":6,"s:49:76:49:108":25,"s:50:32:50:Infinity":26,"f:50:56:50:57":7,"s:50:76:50:94":27,"b:52:16:52:Infinity:undefined:undefined:undefined:undefined":6,"s:52:16:52:Infinity":28,"b:52:20:52:38:52:38:52:54":7,"s:52:54:52:Infinity":29,"s:55:27:55:Infinity":30,"s:56:27:56:Infinity":31,"s:59:16:59:Infinity":32,"s:60:16:60:Infinity":33,"s:63:16:63:Infinity":34,"s:67:12:67:Infinity":35,"s:71:29:71:Infinity":36,"s:73:4:81:Infinity":37}}}
,"/home/marcos/code/mabel/projects/borafut/src/hooks/useMatchDetail.ts": {"path":"/home/marcos/code/mabel/projects/borafut/src/hooks/useMatchDetail.ts","statementMap":{"0":{"start":{"line":29,"column":24},"end":{"line":29,"column":null}},"1":{"start":{"line":30,"column":30},"end":{"line":30,"column":null}},"2":{"start":{"line":31,"column":26},"end":{"line":31,"column":null}},"3":{"start":{"line":34,"column":8},"end":{"line":34,"column":null}},"4":{"start":{"line":35,"column":8},"end":{"line":35,"column":null}},"5":{"start":{"line":37,"column":45},"end":{"line":37,"column":null}},"6":{"start":{"line":38,"column":8},"end":{"line":38,"column":null}},"7":{"start":{"line":38,"column":25},"end":{"line":38,"column":44}},"8":{"start":{"line":38,"column":44},"end":{"line":38,"column":51}},"9":{"start":{"line":40,"column":35},"end":{"line":48,"column":null}},"10":{"start":{"line":50,"column":8},"end":{"line":50,"column":null}},"11":{"start":{"line":50,"column":30},"end":{"line":50,"column":64}},"12":{"start":{"line":50,"column":64},"end":{"line":50,"column":83}},"13":{"start":{"line":50,"column":83},"end":{"line":50,"column":90}},"14":{"start":{"line":52,"column":31},"end":{"line":52,"column":null}},"15":{"start":{"line":53,"column":31},"end":{"line":53,"column":null}},"16":{"start":{"line":53,"column":55},"end":{"line":53,"column":79}},"17":{"start":{"line":55,"column":8},"end":{"line":55,"column":null}},"18":{"start":{"line":56,"column":8},"end":{"line":56,"column":null}},"19":{"start":{"line":59,"column":4},"end":{"line":65,"column":null}},"20":{"start":{"line":60,"column":24},"end":{"line":60,"column":null}},"21":{"start":{"line":61,"column":8},"end":{"line":63,"column":null}},"22":{"start":{"line":62,"column":12},"end":{"line":62,"column":null}},"23":{"start":{"line":62,"column":27},"end":{"line":62,"column":null}},"24":{"start":{"line":64,"column":8},"end":{"line":64,"column":null}},"25":{"start":{"line":64,"column":23},"end":{"line":64,"column":41}},"26":{"start":{"line":67,"column":4},"end":{"line":67,"column":null}}},"fnMap":{"0":{"name":"useMatchDetail","decl":{"start":{"line":28,"column":16},"end":{"line":28,"column":31}},"loc":{"start":{"line":28,"column":48},"end":{"line":68,"column":null}},"line":28},"1":{"name":"fetch","decl":{"start":{"line":33,"column":19},"end":{"line":33,"column":27}},"loc":{"start":{"line":33,"column":27},"end":{"line":57,"column":null}},"line":33},"2":{"name":"(anonymous_2)","decl":{"start":{"line":53,"column":50},"end":{"line":53,"column":55}},"loc":{"start":{"line":53,"column":55},"end":{"line":53,"column":79}},"line":53},"3":{"name":"(anonymous_3)","decl":{"start":{"line":59,"column":14},"end":{"line":59,"column":20}},"loc":{"start":{"line":59,"column":20},"end":{"line":65,"column":7}},"line":59},"4":{"name":"(anonymous_4)","decl":{"start":{"line":61,"column":23},"end":{"line":61,"column":29}},"loc":{"start":{"line":61,"column":29},"end":{"line":63,"column":9}},"line":61},"5":{"name":"(anonymous_5)","decl":{"start":{"line":64,"column":15},"end":{"line":64,"column":21}},"loc":{"start":{"line":64,"column":21},"end":{"line":64,"column":null}},"line":64}},"branchMap":{"0":{"loc":{"start":{"line":38,"column":8},"end":{"line":38,"column":null}},"type":"if","locations":[{"start":{"line":38,"column":8},"end":{"line":38,"column":null}},{"start":{},"end":{}}],"line":38},"1":{"loc":{"start":{"line":50,"column":8},"end":{"line":50,"column":null}},"type":"if","locations":[{"start":{"line":50,"column":8},"end":{"line":50,"column":null}},{"start":{},"end":{}}],"line":50},"2":{"loc":{"start":{"line":52,"column":31},"end":{"line":52,"column":null}},"type":"binary-expr","locations":[{"start":{"line":52,"column":31},"end":{"line":52,"column":46}},{"start":{"line":52,"column":46},"end":{"line":52,"column":null}}],"line":52},"3":{"loc":{"start":{"line":53,"column":31},"end":{"line":53,"column":null}},"type":"binary-expr","locations":[{"start":{"line":53,"column":31},"end":{"line":53,"column":84}},{"start":{"line":53,"column":84},"end":{"line":53,"column":null}}],"line":53},"4":{"loc":{"start":{"line":62,"column":12},"end":{"line":62,"column":null}},"type":"if","locations":[{"start":{"line":62,"column":12},"end":{"line":62,"column":null}},{"start":{},"end":{}}],"line":62}},"s":{"0":0,"1":0,"2":0,"3":0,"4":0,"5":0,"6":0,"7":0,"8":0,"9":0,"10":0,"11":0,"12":0,"13":0,"14":0,"15":0,"16":0,"17":0,"18":0,"19":0,"20":0,"21":0,"22":0,"23":0,"24":0,"25":0,"26":0},"f":{"0":0,"1":0,"2":0,"3":0,"4":0,"5":0},"b":{"0":[0,0],"1":[0,0],"2":[0,0],"3":[0,0],"4":[0,0]},"meta":{"lastBranch":5,"lastFunction":6,"lastStatement":27,"seen":{"f:28:16:28:31":0,"s:29:24:29:Infinity":0,"s:30:30:30:Infinity":1,"s:31:26:31:Infinity":2,"f:33:19:33:27":1,"s:34:8:34:Infinity":3,"s:35:8:35:Infinity":4,"s:37:45:37:Infinity":5,"b:38:8:38:Infinity:undefined:undefined:undefined:undefined":0,"s:38:8:38:Infinity":6,"s:38:25:38:44":7,"s:38:44:38:51":8,"s:40:35:48:Infinity":9,"b:50:8:50:Infinity:undefined:undefined:undefined:undefined":1,"s:50:8:50:Infinity":10,"s:50:30:50:64":11,"s:50:64:50:83":12,"s:50:83:50:90":13,"s:52:31:52:Infinity":14,"b:52:31:52:46:52:46:52:Infinity":2,"s:53:31:53:Infinity":15,"b:53:31:53:84:53:84:53:Infinity":3,"f:53:50:53:55":2,"s:53:55:53:79":16,"s:55:8:55:Infinity":17,"s:56:8:56:Infinity":18,"s:59:4:65:Infinity":19,"f:59:14:59:20":3,"s:60:24:60:Infinity":20,"s:61:8:63:Infinity":21,"f:61:23:61:29":4,"b:62:12:62:Infinity:undefined:undefined:undefined:undefined":4,"s:62:12:62:Infinity":22,"s:62:27:62:Infinity":23,"s:64:8:64:Infinity":24,"f:64:15:64:21":5,"s:64:23:64:41":25,"s:67:4:67:Infinity":26}}}
,"/home/marcos/code/mabel/projects/borafut/src/hooks/useMatches.ts": {"path":"/home/marcos/code/mabel/projects/borafut/src/hooks/useMatches.ts","statementMap":{"0":{"start":{"line":18,"column":30},"end":{"line":18,"column":null}},"1":{"start":{"line":19,"column":30},"end":{"line":19,"column":null}},"2":{"start":{"line":20,"column":26},"end":{"line":20,"column":null}},"3":{"start":{"line":23,"column":8},"end":{"line":23,"column":null}},"4":{"start":{"line":24,"column":8},"end":{"line":24,"column":null}},"5":{"start":{"line":26,"column":8},"end":{"line":46,"column":null}},"6":{"start":{"line":27,"column":24},"end":{"line":30,"column":null}},"7":{"start":{"line":32,"column":12},"end":{"line":34,"column":null}},"8":{"start":{"line":33,"column":16},"end":{"line":33,"column":null}},"9":{"start":{"line":36,"column":36},"end":{"line":36,"column":null}},"10":{"start":{"line":38,"column":12},"end":{"line":38,"column":null}},"11":{"start":{"line":38,"column":23},"end":{"line":38,"column":null}},"12":{"start":{"line":39,"column":12},"end":{"line":39,"column":null}},"13":{"start":{"line":41,"column":24},"end":{"line":41,"column":null}},"14":{"start":{"line":42,"column":12},"end":{"line":42,"column":null}},"15":{"start":{"line":43,"column":12},"end":{"line":43,"column":null}},"16":{"start":{"line":45,"column":12},"end":{"line":45,"column":null}},"17":{"start":{"line":49,"column":4},"end":{"line":49,"column":null}},"18":{"start":{"line":49,"column":22},"end":{"line":49,"column":37}},"19":{"start":{"line":51,"column":4},"end":{"line":51,"column":null}}},"fnMap":{"0":{"name":"useMatches","decl":{"start":{"line":17,"column":16},"end":{"line":17,"column":27}},"loc":{"start":{"line":17,"column":45},"end":{"line":52,"column":null}},"line":17},"1":{"name":"fetchMatches","decl":{"start":{"line":22,"column":19},"end":{"line":22,"column":34}},"loc":{"start":{"line":22,"column":34},"end":{"line":47,"column":null}},"line":22},"2":{"name":"(anonymous_2)","decl":{"start":{"line":49,"column":14},"end":{"line":49,"column":20}},"loc":{"start":{"line":49,"column":20},"end":{"line":49,"column":40}},"line":49}},"branchMap":{"0":{"loc":{"start":{"line":32,"column":12},"end":{"line":34,"column":null}},"type":"if","locations":[{"start":{"line":32,"column":12},"end":{"line":34,"column":null}},{"start":{},"end":{}}],"line":32},"1":{"loc":{"start":{"line":38,"column":12},"end":{"line":38,"column":null}},"type":"if","locations":[{"start":{"line":38,"column":12},"end":{"line":38,"column":null}},{"start":{},"end":{}}],"line":38},"2":{"loc":{"start":{"line":39,"column":23},"end":{"line":39,"column":33}},"type":"binary-expr","locations":[{"start":{"line":39,"column":23},"end":{"line":39,"column":31}},{"start":{"line":39,"column":31},"end":{"line":39,"column":33}}],"line":39},"3":{"loc":{"start":{"line":41,"column":24},"end":{"line":41,"column":null}},"type":"cond-expr","locations":[{"start":{"line":41,"column":47},"end":{"line":41,"column":61}},{"start":{"line":41,"column":61},"end":{"line":41,"column":null}}],"line":41}},"s":{"0":6,"1":6,"2":6,"3":3,"4":3,"5":3,"6":3,"7":3,"8":2,"9":3,"10":3,"11":0,"12":3,"13":0,"14":0,"15":0,"16":3,"17":6,"18":3,"19":6},"f":{"0":6,"1":3,"2":3},"b":{"0":[2,1],"1":[0,3],"2":[3,0],"3":[0,0]},"meta":{"lastBranch":4,"lastFunction":3,"lastStatement":20,"seen":{"f:17:16:17:27":0,"s:18:30:18:Infinity":0,"s:19:30:19:Infinity":1,"s:20:26:20:Infinity":2,"f:22:19:22:34":1,"s:23:8:23:Infinity":3,"s:24:8:24:Infinity":4,"s:26:8:46:Infinity":5,"s:27:24:30:Infinity":6,"b:32:12:34:Infinity:undefined:undefined:undefined:undefined":0,"s:32:12:34:Infinity":7,"s:33:16:33:Infinity":8,"s:36:36:36:Infinity":9,"b:38:12:38:Infinity:undefined:undefined:undefined:undefined":1,"s:38:12:38:Infinity":10,"s:38:23:38:Infinity":11,"s:39:12:39:Infinity":12,"b:39:23:39:31:39:31:39:33":2,"s:41:24:41:Infinity":13,"b:41:47:41:61:41:61:41:Infinity":3,"s:42:12:42:Infinity":14,"s:43:12:43:Infinity":15,"s:45:12:45:Infinity":16,"s:49:4:49:Infinity":17,"f:49:14:49:20":2,"s:49:22:49:37":18,"s:51:4:51:Infinity":19}}}
,"/home/marcos/code/mabel/projects/borafut/src/lib/draft.ts": {"path":"/home/marcos/code/mabel/projects/borafut/src/lib/draft.ts","statementMap":{"0":{"start":{"line":15,"column":34},"end":{"line":24,"column":null}},"1":{"start":{"line":27,"column":4},"end":{"line":27,"column":null}},"2":{"start":{"line":30,"column":4},"end":{"line":30,"column":null}},"3":{"start":{"line":30,"column":22},"end":{"line":30,"column":null}},"4":{"start":{"line":33,"column":31},"end":{"line":38,"column":null}},"5":{"start":{"line":33,"column":75},"end":{"line":38,"column":6}},"6":{"start":{"line":41,"column":24},"end":{"line":41,"column":null}},"7":{"start":{"line":41,"column":44},"end":{"line":41,"column":71}},"8":{"start":{"line":41,"column":88},"end":{"line":41,"column":105}},"9":{"start":{"line":42,"column":22},"end":{"line":42,"column":null}},"10":{"start":{"line":42,"column":42},"end":{"line":42,"column":66}},"11":{"start":{"line":42,"column":83},"end":{"line":42,"column":100}},"12":{"start":{"line":43,"column":22},"end":{"line":43,"column":null}},"13":{"start":{"line":43,"column":42},"end":{"line":43,"column":65}},"14":{"start":{"line":43,"column":82},"end":{"line":43,"column":99}},"15":{"start":{"line":45,"column":22},"end":{"line":45,"column":null}},"16":{"start":{"line":48,"column":28},"end":{"line":59,"column":null}},"17":{"start":{"line":49,"column":8},"end":{"line":58,"column":null}},"18":{"start":{"line":51,"column":26},"end":{"line":51,"column":null}},"19":{"start":{"line":52,"column":30},"end":{"line":54,"column":null}},"20":{"start":{"line":56,"column":12},"end":{"line":56,"column":null}},"21":{"start":{"line":57,"column":12},"end":{"line":57,"column":null}},"22":{"start":{"line":62,"column":4},"end":{"line":62,"column":null}},"23":{"start":{"line":65,"column":4},"end":{"line":65,"column":null}},"24":{"start":{"line":68,"column":4},"end":{"line":68,"column":null}},"25":{"start":{"line":71,"column":4},"end":{"line":76,"column":null}},"26":{"start":{"line":72,"column":8},"end":{"line":75,"column":null}},"27":{"start":{"line":73,"column":24},"end":{"line":73,"column":null}},"28":{"start":{"line":73,"column":56},"end":{"line":73,"column":71}},"29":{"start":{"line":74,"column":12},"end":{"line":74,"column":null}},"30":{"start":{"line":78,"column":4},"end":{"line":78,"column":null}},"31":{"start":{"line":83,"column":4},"end":{"line":90,"column":
[...]
"line":173,"column":null}}],"line":173},"17":{"loc":{"start":{"line":178,"column":33},"end":{"line":178,"column":null}},"type":"binary-expr","locations":[{"start":{"line":178,"column":33},"end":{"line":178,"column":54}},{"start":{"line":178,"column":54},"end":{"line":178,"column":null}}],"line":178},"18":{"loc":{"start":{"line":181,"column":79},"end":{"line":181,"column":null}},"type":"binary-expr","locations":[{"start":{"line":181,"column":79},"end":{"line":181,"column":99}},{"start":{"line":181,"column":99},"end":{"line":181,"column":null}}],"line":181},"19":{"loc":{"start":{"line":190,"column":21},"end":{"line":241,"column":null}},"type":"binary-expr","locations":[{"start":{"line":190,"column":21},"end":{"line":190,"column":null}},{"start":{"line":191,"column":24},"end":{"line":241,"column":null}}],"line":190},"20":{"loc":{"start":{"line":217,"column":55},"end":{"line":217,"column":null}},"type":"binary-expr","locations":[{"start":{"line":217,"column":55},"end":{"line":217,"column":67}},{"start":{"line":217,"column":67},"end":{"line":217,"column":null}}],"line":217},"21":{"loc":{"start":{"line":231,"column":46},"end":{"line":231,"column":null}},"type":"binary-expr","locations":[{"start":{"line":231,"column":46},"end":{"line":231,"column":56}},{"start":{"line":231,"column":56},"end":{"line":231,"column":null}}],"line":231},"22":{"loc":{"start":{"line":232,"column":147},"end":{"line":234,"column":null}},"type":"cond-expr","locations":[{"start":{"line":233,"column":42},"end":{"line":233,"column":null}},{"start":{"line":234,"column":42},"end":{"line":234,"column":null}}],"line":232},"23":{"loc":{"start":{"line":232,"column":147},"end":{"line":232,"column":null}},"type":"binary-expr","locations":[{"start":{"line":232,"column":147},"end":{"line":232,"column":161}},{"start":{"line":232,"column":161},"end":{"line":232,"column":null}}],"line":232},"24":{"loc":{"start":{"line":237,"column":37},"end":{"line":237,"column":114}},"type":"cond-expr","locations":[{"start":{"line":237,"column":46},"end":{"line":237,"column":95}},{"start":{"line":237,"column":95},"end":{"line":237,"column":114}}],"line":237},"25":{"loc":{"start":{"line":254,"column":25},"end":{"line":285,"column":null}},"type":"cond-expr","locations":[{"start":{"line":255,"column":28},"end":{"line":257,"column":null}},{"start":{"line":259,"column":28},"end":{"line":285,"column":null}}],"line":254},"26":{"loc":{"start":{"line":262,"column":111},"end":{"line":262,"column":255}},"type":"cond-expr","locations":[{"start":{"line":262,"column":132},"end":{"line":262,"column":200}},{"start":{"line":262,"column":200},"end":{"line":262,"column":255}}],"line":262},"27":{"loc":{"start":{"line":274,"column":37},"end":{"line":282,"column":null}},"type":"binary-expr","locations":[{"start":{"line":274,"column":37},"end":{"line":274,"column":null}},{"start":{"line":275,"column":40},"end":{"line":282,"column":null}}],"line":274},"28":{"loc":{"start":{"line":281,"column":45},"end":{"line":281,"column":null}},"type":"cond-expr","locations":[{"start":{"line":281,"column":77},"end":{"line":281,"column":126}},{"start":{"line":281,"column":126},"end":{"line":281,"column":null}}],"line":281},"29":{"loc":{"start":{"line":302,"column":13},"end":{"line":345,"column":null}},"type":"binary-expr","locations":[{"start":{"line":302,"column":13},"end":{"line":302,"column":null}},{"start":{"line":303,"column":16},"end":{"line":345,"column":null}}],"line":302},"30":{"loc":{"start":{"line":306,"column":39},"end":{"line":306,"column":null}},"type":"binary-expr","locations":[{"start":{"line":306,"column":39},"end":{"line":306,"column":59}},{"start":{"line":306,"column":59},"end":{"line":306,"column":null}}],"line":306},"31":{"loc":{"start":{"line":340,"column":37},"end":{"line":340,"column":null}},"type":"cond-expr","locations":[{"start":{"line":340,"column":64},"end":{"line":340,"column":113}},{"start":{"line":340,"column":113},"end":{"line":340,"column":null}}],"line":340}},"s":{"0":2,"1":14,"2":14,"3":14,"4":14,"5":14,"6":14,"7":14,"8":14,"9":5,"10":5,"11":5,"12":4,"13":0,"14":4,"15":4,"16":4,"17":5,"18":4,"19":0,"20":4,"21":0,"22":4,"23":14,"24":5,"25":14,"26":1,"27":0,"28":1,"29":1,"30":1,"31":1,"32":1,"33":0,"34":1,"35":1,"36":0,"37":0,"38":1,"39":0,"40":0,"41":0,"42":0,"43":0,"44":0,"45":0,"46":0,"47":0,"48":0,"49":0,"50":0,"51":14,"52":5,"53":9,"54":0,"55":9,"56":3,"57":0,"58":24,"59":9,"60":1,"61":0,"62":0,"63":0},"f":{"0":14,"1":5,"2":5,"3":1,"4":0,"5":0,"6":0,"7":0,"8":3,"9":0,"10":24,"11":9,"12":1,"13":0,"14":0,"15":0},"b":{"0":[14],"1":[0,4],"2":[4,0],"3":[0,4],"4":[4,0],"5":[14,9,6],"6":[0,1],"7":[1,1,1],"8":[1,0],"9":[1,0],"10":[0,1],"11":[0,0],"12":[0,0],"13":[5,9],"14":[0,9],"15":[9,0],"16":[14,0],"17":[14,0],"18":[14,0],"19":[14,8],"20":[8,0],"21":[8,7],"22":[2,6],"23":[8,3],"24":[1,7],"25":[0,9],"26":[0,9],"27":[9,8],"28":[0,8],"29":[14,1],"30":[0,0],"31":[0,1]},"meta":{"lastBranch":32,"lastFunction":16,"lastStatement":64,"seen":{"s:32:18:36:Infinity":0,"f:38:24:38:40":0,"b:38:76:38:83":0,"s:39:24:39:Infinity":1,"s:40:38:40:Infinity":2,"s:41:30:41:Infinity":3,"s:42:28:42:Infinity":4,"s:43:46:43:Infinity":5,"s:44:52:44:Infinity":6,"s:47:26:47:Infinity":7,"s:48:32:48:Infinity":8,"f:50:19:50:35":1,"s:51:8:79:Infinity":9,"s:52:12:52:Infinity":10,"s:55:59:59:Infinity":11,"b:61:12:61:Infinity:undefined:undefined:undefined:undefined":1,"s:61:12:61:Infinity":12,"s:61:30:61:Infinity":13,"s:62:12:62:Infinity":14,"s:63:12:63:Infinity":15,"s:64:12:64:Infinity":16,"b:64:24:64:48:64:48:64:50":2,"s:67:57:70:Infinity":17,"b:72:12:72:Infinity:undefined:undefined:undefined:undefined":3,"s:72:12:72:Infinity":18,"s:72:29:72:Infinity":19,"s:73:12:73:Infinity":20,"b:73:27:73:37:73:37:73:39":4,"s:76:12:76:Infinity":21,"s:78:12:78:Infinity":22,"s:82:4:84:Infinity":23,"f:82:14:82:20":2,"s:83:8:83:Infinity":24,"s:86:23:88:Infinity":25,"b:86:23:86:Infinity:87:8:87:Infinity:87:35:88:Infinity":5,"f:91:19:91:41":3,"b:92:8:92:Infinity:undefined:undefined:undefined:undefined":6,"s:92:8:92:Infinity":26,"b:92:12:92:21:92:21:92:31:92:31:92:44":7,"s:92:44:92:Infinity":27,"s:93:8:111:Infinity":28,"s:94:12:94:Infinity":29,"s:95:29:95:Infinity":30,"b:95:29:95:50:95:50:95:Infinity":8,"s:97:30:101:Infinity":31,"b:100:33:100:45:100:45:100:Infinity":9,"b:103:12:103:Infinity:undefined:undefined:undefined:undefined":10,"s:103:12:103:Infinity":32,"s:103:23:103:Infinity":33,"s:105:12:105:Infinity":34,"s:106:12:106:Infinity":35,"f:106:20:106:28":4,"s:106:28:106:100":36,"b:106:35:106:96:106:96:106:100":11,"s:108:12:108:Infinity":37,"s:110:12:110:Infinity":38,"f:114:19:114:41":5,"s:115:8:131:Infinity":39,"s:116:12:116:Infinity":40,"s:117:30:120:Infinity":41,"b:122:12:122:Infinity:undefined:undefined:undefined:undefined":12,"s:122:12:122:Infinity":42,"s:122:23:122:Infinity":43,"s:124:12:124:Infinity":44,"s:125:12:125:Infinity":45,"f:125:27:125:35":6,"s:125:35:125:74":46,"f:125:47:125:52":7,"s:125:52:125:73":47,"s:126:12:126:Infinity":48,"s:128:12:128:Infinity":49,"s:130:12:130:Infinity":50,"b:134:4:141:Infinity:undefined:undefined:undefined:undefined":13,"s:134:4:141:Infinity":51,"s:135:8:139:Infinity":52,"b:143:4:150:Infinity:undefined:undefined:undefined:undefined":14,"s:143:4:150:Infinity":53,"s:144:8:148:Infinity":54,"s:152:4:347:Infinity":55,"b:164:104:164:124:164:124:164:135":15,"b:173:29:173:54:173:54:173:Infinity":16,"b:178:33:178:54:178:54:178:Infinity":17,"b:181:79:181:99:181:99:181:Infinity":18,"b:190:21:190:Infinity:191:24:241:Infinity":19,"f:207:58:207:59":8,"s:207:65:207:Infinity":56,"b:217:55:217:67:217:67:217:Infinity":20,"f:218:58:218:59":9,"s:218:65:218:Infinity":57,"f:221:63:221:Infinity":10,"s:222:52:222:Infinity":58,"b:231:46:231:56:231:56:231:Infinity":21,"b:233:42:233:Infinity:234:42:234:Infinity":22,"b:232:147:232:161:232:161:232:Infinity":23,"b:237:46:237:95:237:95:237:114":24,"b:255:28:257:Infinity:259:28:285:Infinity":25,"f:259:44:259:45":11,"s:260:32:284:Infinity":59,"b:262:132:262:200:262:200:262:255":26,"b:274:37:274:Infinity:275:40:282:Infinity":27,"f:276:53:276:59":12,"s:276:59:276:Infinity":60,"b:281:77:281:126:281:126:281:Infinity":28,"b:302:13:302:Infinity:303:16:345:Infinity":29,"f:306:33:306:39":13,"s:306:39:306:Infinity":61,"b:306:39:306:59:306:59:306:Infinity":30,"f:330:45:330:51":14,"s:330:51:330:Infinity":62,"f:336:45:336:51":15,"s:336:51:336:Infinity":63,"b:340:64:340:113:340:113:340:Infinity":31}}}
,"/home/marcos/code/mabel/projects/borafut/src/pages/admin/UsersTab.tsx": {"path":"/home/marcos/code/mabel/projects/borafut/src/pages/admin/UsersTab.tsx","statementMap":{"0":{"start":{"line":24,"column":26},"end":{"line":24,"column":null}},"1":{"start":{"line":25,"column":30},"end":{"line":25,"column":null}},"2":{"start":{"line":26,"column":28},"end":{"line":26,"column":null}},"3":{"start":{"line":27,"column":28},"end":{"line":27,"column":null}},"4":{"start":{"line":30,"column":8},"end":{"line":49,"column":null}},"5":{"start":{"line":31,"column":12},"end":{"line":31,"column":null}},"6":{"start":{"line":32,"column":12},"end":{"line":32,"column":null}},"7":{"start":{"line":34,"column":36},"end":{"line":37,"column":null}},"8":{"start":{"line":39,"column":12},"end":{"line":39,"column":null}},"9":{"start":{"line":39,"column":23},"end":{"line":39,"column":null}},"10":{"start":{"line":41,"column":12},"end":{"line":41,"column":null}},"11":{"start":{"line":44,"column":12},"end":{"line":44,"column":null}},"12":{"start":{"line":46,"column":12},"end":{"line":46,"column":null}},"13":{"start":{"line":48,"column":12},"end":{"line":48,"column":null}},"14":{"start":{"line":52,"column":4},"end":{"line":54,"column":null}},"15":{"start":{"line":53,"column":8},"end":{"line":53,"column":null}},"16":{"start":{"line":56,"column":26},"end":{"line":60,"column":null}},"17":{"start":{"line":57,"column":26},"end":{"line":57,"column":null}},"18":{"start":{"line":58,"column":27},"end":{"line":58,"column":null}},"19":{"start":{"line":59,"column":8},"end":{"line":59,"column":null}},"20":{"start":{"line":62,"column":10},"end":{"line":79,"column":null}},"21":{"start":{"line":63,"column":8},"end":{"line":78,"column":null}},"22":{"start":{"line":64,"column":12},"end":{"line":77,"column":null}},"23":{"start":{"line":66,"column":20},"end":{"line":66,"column":null}},"24":{"start":{"line":68,"column":20},"end":{"line":68,"column":null}},"25":{"start":{"line":70,"column":35},"end":{"line":70,"column":null}},"26":{"start":{"line":71,"column":35},"end":{"line":71,"column":null}},"27":{"start":{"line":72,"column":20},"end":{"line":72,"column":null}},"28":{"start":{"line":76,"column":20},"end":{"line":76,"column":null}},"29":{"start":{"line":81,"column":76},"end":{"line":86,"column":null}},"30":{"start":{"line":88,"column":4},"end":{"line":167,"column":null}},"31":{"start":{"line":98,"column":41},"end":{"line":98,"column":null}},"32":{"start":{"line":121,"column":24},"end":{"line":163,"column":null}},"33":{"start":{"line":136,"column":51},"end":{"line":136,"column":null}}},"fnMap":{"0":{"name":"UsersTab","decl":{"start":{"line":23,"column":24},"end":{"line":23,"column":33}},"loc":{"start":{"line":23,"column":58},"end":{"line":169,"column":null}},"line":23},"1":{"name":"fetchUsers","decl":{"start":{"line":29,"column":19},"end":{"line":29,"column":32}},"loc":{"start":{"line":29,"column":32},"end":{"line":50,"column":null}},"line":29},"2":{"name":"(anonymous_2)","decl":{"start":{"line":52,"column":14},"end":{"line":52,"column":20}},"loc":{"start":{"line":52,"column":20},"end":{"line":54,"column":7}},"line":52},"3":{"name":"(anonymous_3)","decl":{"start":{"line":56,"column":39},"end":{"line":56,"column":44}},"loc":{"start":{"line":56,"column":44},"end":{"line":60,"column":5}},"line":56},"4":{"name":"(anonymous_4)","decl":{"start":{"line":62,"column":32},"end":{"line":62,"column":38}},"loc":{"start":{"line":62,"column":38},"end":{"line":79,"column":7}},"line":62},"5":{"name":"(anonymous_5)","decl":{"start":{"line":63,"column":39},"end":{"line":63,"column":40}},"loc":{"start":{"line":63,"column":49},"end":{"line":78,"column":9}},"line":63},"6":{"name":"(anonymous_6)","decl":{"start":{"line":98,"column":34},"end":{"line":98,"column":35}},"loc":{"start":{"line":98,"column":41},"end":{"line":98,"column":null}},"line":98},"7":{"name":"(anonymous_7)","decl":{"start":{"line":120,"column":37},"end":{"line":120,"column":38}},"loc":{"start":{"line":121,"column":24},"end":{"line":163,"column":null}},"line":121},"8":{"name":"(anonymous_8)","decl":{"start":{"line":136,"column":45},"end":{"line":136,"column":51}},"loc":{"start":{"line":136,"column":51},"end":{"line":136,"column":null}},"line":136}},"branchMap":{"0":{"loc":{"start":{"line":39,"column":12},"end":{"line":39,"column":null}},"type":"if","locations":[{"start":{"line":39,"column":12},"end":{"line":39,"column":null}},{"start":{},"end":{}}],"line":39},"1":{"loc":{"start":{"line":44,"column":21},"end":{"line":44,"column":58}},"type":"binary-expr","locations":[{"start":{"line":44,"column":21},"end":{"line":44,"column":56}},{"start":{"line":44,"column":56},"end":{"line":44,"column":58}}],"line":44},"2":{"loc":{"start":{"line":57,"column":26},"end":{"line":57,"column":null}},"type":"binary-expr","locations":[{"start":{"line":57,"column":26},"end":{"line":57,"column":89}},{"start":{"line":57,"column":89},"end":{"line":57,"column":null}}],"line":57},"3":{"loc":{"start":{"line":58,"column":27},"end":{"line":58,"column":null}},"type":"binary-expr","locations":[{"start":{"line":58,"column":27},"end":{"line":58,"column":62}},{"start":{"line":58,"column":62},"end":{"line":58,"column":null}}],"line":58},"4":{"loc":{"start":{"line":59,"column":15},"end":{"line":59,"column":null}},"type":"binary-expr","locations":[{"start":{"line":59,"column":15},"end":{"line":59,"column":28}},{"start":{"line":59,"column":28},"end":{"line":59,"column":null}}],"line":59},"5":{"loc":{"start":{"line":64,"column":12},"end":{"line":77,"column":null}},"type":"switch","locations":[{"start":{"line":65,"column":16},"end":{"line":66,"column":null}},{"start":{"line":67,"column":16},"end":{"line":68,"column":null}},{"start":{"line":69,"column":16},"end":{"line":73,"column":null}},{"start":{"line":74,"column":16},"end":{"line":74,"column":null}},{"start":{"line":75,"column":16},"end":{"line":76,"column":null}}],"line":64},"6":{"loc":{"start":{"line":66,"column":28},"end":{"line":66,"column":49}},"type":"binary-expr","locations":[{"start":{"line":66,"column":28},"end":{"line":66,"column":45}},{"start":{"line":66,"column":45},"end":{"line":66,"column":49}}],"line":66},"7":{"loc":{"start":{"line":66,"column":63},"end":{"line":66,"column":82}},"type":"binary-expr","locations":[{"start":{"line":66,"column":63},"end":{"line":66,"column":80}},{"start":{"line":66,"column":80},"end":{"line":66,"column":82}}],"line":66},"8":{"loc":{"start":{"line":68,"column":28},"end":{"line":68,"column":51}},"type":"binary-expr","locations":[{"start":{"line":68,"column":28},"end":{"line":68,"column":45}},{"start":{"line":68,"column":45},"end":{"line":68,"column":51}}],"line":68},"9":{"loc":{"start":{"line":68,"column":51},"end":{"line":68,"column":null}},"type":"binary-expr","locations":[{"start":{"line":68,"column":51},"end":{"line":68,"column":68}},{"start":{"line":68,"column":68},"end":{"line":68,"column":null}}],"line":68},"10":{"loc":{"start":{"line":70,"column":35},"end":{"line":70,"column":null}},"type":"binary-expr","locations":[{"start":{"line":70,"column":35},"end":{"line":70,"column":66}},{"start":{"line":70,"column":66},"end":{"line":70,"column":null}}],"line":70},"11":{"loc":{"start":{"line":71,"column":35},"end":{"line":71,"column":null}},"type":"binary-expr","locations":[{"start":{"line":71,"column":35},"end":{"line":71,"column":66}},{"start":{"line":71,"column":66},"end":{"line":71,"column":null}}],"line":71},"12":{"loc":{"start":{"line":110,"column":13},"end":{"line":165,"column":null}},"type":"cond-expr","locations":[{"start":{"line":111,"column":16},"end":{"line":113,"column":null}},{"start":{"line":114,"column":16},"end":{"line":165,"column":null}}],"line":110},"13":{"loc":{"start":{"line":114,"column":16},"end":{"line":165,"column":null}},"type":"cond-expr","locations":[{"start":{"line":115,"column":16},"end":{"line":117,"column":null}},{"start":{"line":119,"column":16},"end":{"line":165,"column":null}}],"line":114},"14":{"loc":{"start":{"line":125,"column":41},"end":{"line":125,"column":null}},"type":"binary-expr","locations":[{"start":{"line":125,"column":41},"end":{"line":125,"column":66}},{"start":{"line":125,"column":66},"end":{"line":125,"column":null}}],"line":125},"15":{"loc":{"start":{"line":130,"column":45},"end":{"line":130,"column":null}},"type":"binary-expr","locations":[{"start":{"line":130,"column":45},"end":{"line":130,"column":66}},{"start":{"line":130,"column":66},"end":{"line":130,"column":null}}],"line":130},"16":{"loc":{"start":{"line":132,"column":89},"end":{"line":132,"column":120}},"type":"binary-expr","locations":[{"start":{"line":132,"column":89},"end":{"line":132,"column":109}},{"start":{"line":132,"column":109},"end":{"line":132,"column":120}}],"line":132},"17":{"loc":{"start":{"line":146,"column":95},"end":{"line":146,"column":131}},"type":"binary-expr","locations":[{"start":{"line":146,"column":95},"end":{"line":146,"column":116}},{"start":{"line":146,"column":116},"end":{"line":146,"column":131}}],"line":146},"18":{"loc":{"start":{"line":150,"column":95},"end":{"line":150,"column":131}},"type":"binary-expr","locations":[{"start":{"line":150,"column":95},"end":{"line":150,"column":129}},{"start":{"line":150,"column":129},"end":{"line":150,"column":131}}],"line":150}},"s":{"0":12,"1":12,"2":12,"3":12,"4":5,"5":5,"6":5,"7":5,"8":4,"9":0,"10":4,"11":5,"12":0,"13":4,"14":12,"15":5,"16":12,"17":14,"18":14,"19":14,"20":12,"21":12,"22":5,"23":4,"24":1,"25":0,"26":0,"27":0,"28":0,"29":12,"30":12,"31":2,"32":12,"33":1},"f":{"0":12,"1":5,"2":5,"3":14,"4":12,"5":5,"6":2,"7":12,"8":1},"b":{"0":[0,4],"1":[5,0],"2":[14,0],"3":[14,0],"4":[14,3],"5":[4,1,0,0,0],"6":[4,0],"7":[4,0],"8":[1,0],"9":[1,0],"10":[0,0],"11":[0,0],"12":[5,7],"13":[0,7],"14":[12,0],"15":[12,6],"16":[12,0],"17":[12,0],"18":[12,0]},"meta":{"lastBranch":19,"lastFunction":9,"lastStatement":34,"seen":{"f:23:24:23:33":0,"s:24:26:24:Infinity":0,"s:25:30:25:Infinity":1,"s:26:28:26:Infinity":2,"s:27:28:27:Infinity":3,"f:29:19:29:32":1,"s:30:8:49:Infinity":4,"s:31:12:31:Infinity":5,"s:32:12:32:Infinity":6,"s:34:36:37:Infinity":7,"b:39:12:39:Infinity:undefined:undefined:undefined:undefined":0,"s:39:12:39:Infinity":8,"s:39:23:39:Infinity":9,"s:41:12:41:Infinity":10,"s:44:12:44:Infinity":11,"b:44:21:44:56:44:56:44:58":1,"s:46:12:46:Infinity":12,"s:48:12:48:Infinity":13,"s:52:4:54:Infinity":14,"f:52:14:52:20":2,"s:53:8:53:Infinity":15,"s:56:26:60:Infinity":16,"f:56:39:56:44":3,"s:57:26:57:Infinity":17,"b:57:26:57:89:57:89:57:Infinity":2,"s:58:27:58:Infinity":18,"b:58:27:58:62:58:62:58:Infinity":3,"s:59:8:59:Infinity":19,"b:59:15:59:28:59:28:59:Infinity":4,"s:62:10:79:Infinity":20,"f:62:32:62:38":4,"s:63:8:78:Infinity":21,"f:63:39:63:40":5,"b:65:16:66:Infinity:67:16:68:Infinity:69:16:73:Infinity:74:16:74:Infinity:75:16:76:Infinity":5,"s:64:12:77:Infinity":22,"s:66:20:66:Infinity":23,"b:66:28:66:45:66:45:66:49":6,"b:66:63:66:80:66:80:66:82":7,"s:68:20:68:Infinity":24,"b:68:28:68:45:68:45:68:51":8,"b:68:51:68:68:68:68:68:Infinity":9,"s:70:35:70:Infinity":25,"b:70:35:70:66:70:66:70:Infinity":10,"s:71:35:71:Infinity":26,"b:71:35:71:66:71:66:71:Infinity":11,"s:72:20:72:Infinity":27,"s:76:20:76:Infinity":28,"s:81:76:86:Infinity":29,"s:88:4:167:Infinity":30,"f:98:34:98:35":6,"s:98:41:98:Infinity":31,"b:111:16:113:Infinity:114:16:165:Infinity":12,"b:115:16:117:Infinity:119:16:165:Infinity":13,"f:120:37:120:38":7,"s:121:24:163:Infinity":32,"b:125:41:125:66:125:66:125:Infinity":14,"b:130:45:130:66:130:66:130:Infinity":15,"b:132:89:132:109:132:109:132:120":16,"f:136:45:136:51":8,"s:136:51:136:Infinity":33,"b:146:95:146:116:146:116:146:131":17,"b:150:95:150:129:150:129:150:131":18}}}
}
